<?xml version="1.0" encoding="UTF-8"?>
<!-- Generated by org.testng.reporters.JUnitReportReporter -->
<testsuite hostname="Rohan" failures="0" tests="1000" name="testAnnotations.Flag3" time="0.333" errors="0" timestamp="2022-06-10T23:00:09 IST" skipped="0">
  <testcase classname="testAnnotations.Flag3" name="login" time="0.000"/>
  <system-out>
    <![CDATA[inconsistance bug]]>
  </system-out>
  <testcase classname="testAnnotations.Flag3" name="login" time="0.000"/>
  <system-out>
    <![CDATA[inconsistance bug]]>
  </system-out>
  <testcase classname="testAnnotations.Flag3" name="login" time="0.001"/>
  <system-out>
    <![CDATA[inconsistance bug]]>
  </system-out>
  <testcase classname="testAnnotations.Flag3" name="login" time="0.001"/>
  <system-out>
    <![CDATA[inconsistance bug]]>
  </system-out>
  <testcase classname="testAnnotations.Flag3" name="login" time="0.000"/>
  <system-out>
    <![CDATA[inconsistance bug]]>
  </system-out>
  <testcase classname="testAnnotations.Flag3" name="login" time="0.000"/>
  <system-out>
    <![CDATA[inconsistance bug]]>
  </system-out>
  <testcase classname="testAnnotations.Flag3" name="login" time="0.000"/>
  <system-out>
    <![CDATA[inconsistance bug]]>
  </system-out>
  <testcase classname="testAnnotations.Flag3" name="login" time="0.000"/>
  <system-out>
    <![CDATA[inconsistance bug]]>
  </system-out>
  <testcase classname="testAnnotations.Flag3" name="login" time="0.001"/>
  <system-out>
    <![CDATA[inconsistance bug]]>
  </system-out>
  <testcase classname="testAnnotations.Flag3" name="login" time="0.000"/>
  <system-out>
    <![CDATA[inconsistance bug]]>
  </system-out>
  <testcase classname="testAnnotations.Flag3" name="login" time="0.000"/>
  <system-out>
    <![CDATA[inconsistance bug]]>
  </system-out>
  <testcase classname="testAnnotations.Flag3" name="login" time="0.000"/>
  <system-out>
    <![CDATA[inconsistance bug]]>
  </system-out>
  <testcase classname="testAnnotations.Flag3" name="login" time="0.002"/>
  <system-out>
    <![CDATA[inconsistance bug]]>
  </system-out>
  <testcase classname="testAnnotations.Flag3" name="login" time="0.000"/>
  <system-out>
    <![CDATA[inconsistance bug]]>
  </system-out>
  <testcase classname="testAnnotations.Flag3" name="login" time="0.001"/>
  <system-out>
    <![CDATA[inconsistance bug]]>
  </system-out>
  <testcase classname="testAnnotations.Flag3" name="login" time="0.000"/>
  <system-out>
    <![CDATA[inconsistance bug]]>
  </system-out>
  <testcase classname="testAnnotations.Flag3" name="login" time="0.000"/>
  <system-out>
    <![CDATA[inconsistance bug]]>
  </system-out>
  <testcase classname="testAnnotations.Flag3" name="login" time="0.001"/>
  <system-out>
    <![CDATA[inconsistance bug]]>
  </system-out>
  <testcase classname="testAnnotations.Flag3" name="login" time="0.001"/>
  <system-out>
    <![CDATA[inconsistance bug]]>
  </system-out>
  <testcase classname="testAnnotations.Flag3" name="login" time="0.000"/>
  <system-out>
    <![CDATA[inconsistance bug]]>
  </system-out>
  <testcase classname="testAnnotations.Flag3" name="login" time="0.000"/>
  <system-out>
    <![CDATA[inconsistance bug]]>
  </system-out>
  <testcase classname="testAnnotations.Flag3" name="login" time="0.000"/>
  <system-out>
    <![CDATA[inconsistance bug]]>
  </system-out>
  <testcase classname="testAnnotations.Flag3" name="login" time="0.000"/>
  <system-out>
    <![CDATA[inconsistance bug]]>
  </system-out>
  <testcase classname="testAnnotations.Flag3" name="login" time="0.000"/>
  <system-out>
    <![CDATA[inconsistance bug]]>
  </system-out>
  <testcase classname="testAnnotations.Flag3" name="login" time="0.001"/>
  <system-out>
    <![CDATA[inconsistance bug]]>
  </system-out>
  <testcase classname="testAnnotations.Flag3" name="login" time="0.000"/>
  <system-out>
    <![CDATA[inconsistance bug]]>
  </system-out>
  <testcase classname="testAnnotations.Flag3" name="login" time="0.000"/>
  <system-out>
    <![CDATA[inconsistance bug]]>
  </system-out>
  <testcase classname="testAnnotations.Flag3" name="login" time="0.000"/>
  <system-out>
    <![CDATA[inconsistance bug]]>
  </system-out>
  <testcase classname="testAnnotations.Flag3" name="login" time="0.001"/>
  <system-out>
    <![CDATA[inconsistance bug]]>
  </system-out>
  <testcase classname="testAnnotations.Flag3" name="login" time="0.001"/>
  <system-out>
    <![CDATA[inconsistance bug]]>
  </system-out>
  <testcase classname="testAnnotations.Flag3" name="login" time="0.001"/>
  <system-out>
    <![CDATA[inconsistance bug]]>
  </system-out>
  <testcase classname="testAnnotations.Flag3" name="login" time="0.000"/>
  <system-out>
    <![CDATA[inconsistance bug]]>
  </system-out>
  <testcase classname="testAnnotations.Flag3" name="login" time="0.000"/>
  <system-out>
    <![CDATA[inconsistance bug]]>
  </system-out>
  <testcase classname="testAnnotations.Flag3" name="login" time="0.000"/>
  <system-out>
    <![CDATA[inconsistance bug]]>
  </system-out>
  <testcase classname="testAnnotations.Flag3" name="login" time="0.001"/>
  <system-out>
    <![CDATA[inconsistance bug]]>
  </system-out>
  <testcase classname="testAnnotations.Flag3" name="login" time="0.001"/>
  <system-out>
    <![CDATA[inconsistance bug]]>
  </system-out>
  <testcase classname="testAnnotations.Flag3" name="login" time="0.001"/>
  <system-out>
    <![CDATA[inconsistance bug]]>
  </system-out>
  <testcase classname="testAnnotations.Flag3" name="login" time="0.000"/>
  <system-out>
    <![CDATA[inconsistance bug]]>
  </system-out>
  <testcase classname="testAnnotations.Flag3" name="login" time="0.001"/>
  <system-out>
    <![CDATA[inconsistance bug]]>
  </system-out>
  <testcase classname="testAnnotations.Flag3" name="login" time="0.000"/>
  <system-out>
    <![CDATA[inconsistance bug]]>
  </system-out>
  <testcase classname="testAnnotations.Flag3" name="login" time="0.000"/>
  <system-out>
    <![CDATA[inconsistance bug]]>
  </system-out>
  <testcase classname="testAnnotations.Flag3" name="login" time="0.001"/>
  <system-out>
    <![CDATA[inconsistance bug]]>
  </system-out>
  <testcase classname="testAnnotations.Flag3" name="login" time="0.000"/>
  <system-out>
    <![CDATA[inconsistance bug]]>
  </system-out>
  <testcase classname="testAnnotations.Flag3" name="login" time="0.001"/>
  <system-out>
    <![CDATA[inconsistance bug]]>
  </system-out>
  <testcase classname="testAnnotations.Flag3" name="login" time="0.000"/>
  <system-out>
    <![CDATA[inconsistance bug]]>
  </system-out>
  <testcase classname="testAnnotations.Flag3" name="login" time="0.000"/>
  <system-out>
    <![CDATA[inconsistance bug]]>
  </system-out>
  <testcase classname="testAnnotations.Flag3" name="login" time="0.000"/>
  <system-out>
    <![CDATA[inconsistance bug]]>
  </system-out>
  <testcase classname="testAnnotations.Flag3" name="login" time="0.000"/>
  <system-out>
    <![CDATA[inconsistance bug]]>
  </system-out>
  <testcase classname="testAnnotations.Flag3" name="login" time="0.000"/>
  <system-out>
    <![CDATA[inconsistance bug]]>
  </system-out>
  <testcase classname="testAnnotations.Flag3" name="login" time="0.000"/>
  <system-out>
    <![CDATA[inconsistance bug]]>
  </system-out>
  <testcase classname="testAnnotations.Flag3" name="login" time="0.000"/>
  <system-out>
    <![CDATA[inconsistance bug]]>
  </system-out>
  <testcase classname="testAnnotations.Flag3" name="login" time="0.000"/>
  <system-out>
    <![CDATA[inconsistance bug]]>
  </system-out>
  <testcase classname="testAnnotations.Flag3" name="login" time="0.000"/>
  <system-out>
    <![CDATA[inconsistance bug]]>
  </system-out>
  <testcase classname="testAnnotations.Flag3" name="login" time="0.000"/>
  <system-out>
    <![CDATA[inconsistance bug]]>
  </system-out>
  <testcase classname="testAnnotations.Flag3" name="login" time="0.000"/>
  <system-out>
    <![CDATA[inconsistance bug]]>
  </system-out>
  <testcase classname="testAnnotations.Flag3" name="login" time="0.001"/>
  <system-out>
    <![CDATA[inconsistance bug]]>
  </system-out>
  <testcase classname="testAnnotations.Flag3" name="login" time="0.000"/>
  <system-out>
    <![CDATA[inconsistance bug]]>
  </system-out>
  <testcase classname="testAnnotations.Flag3" name="login" time="0.001"/>
  <system-out>
    <![CDATA[inconsistance bug]]>
  </system-out>
  <testcase classname="testAnnotations.Flag3" name="login" time="0.000"/>
  <system-out>
    <![CDATA[inconsistance bug]]>
  </system-out>
  <testcase classname="testAnnotations.Flag3" name="login" time="0.001"/>
  <system-out>
    <![CDATA[inconsistance bug]]>
  </system-out>
  <testcase classname="testAnnotations.Flag3" name="login" time="0.000"/>
  <system-out>
    <![CDATA[inconsistance bug]]>
  </system-out>
  <testcase classname="testAnnotations.Flag3" name="login" time="0.000"/>
  <system-out>
    <![CDATA[inconsistance bug]]>
  </system-out>
  <testcase classname="testAnnotations.Flag3" name="login" time="0.001"/>
  <system-out>
    <![CDATA[inconsistance bug]]>
  </system-out>
  <testcase classname="testAnnotations.Flag3" name="login" time="0.000"/>
  <system-out>
    <![CDATA[inconsistance bug]]>
  </system-out>
  <testcase classname="testAnnotations.Flag3" name="login" time="0.001"/>
  <system-out>
    <![CDATA[inconsistance bug]]>
  </system-out>
  <testcase classname="testAnnotations.Flag3" name="login" time="0.000"/>
  <system-out>
    <![CDATA[inconsistance bug]]>
  </system-out>
  <testcase classname="testAnnotations.Flag3" name="login" time="0.001"/>
  <system-out>
    <![CDATA[inconsistance bug]]>
  </system-out>
  <testcase classname="testAnnotations.Flag3" name="login" time="0.000"/>
  <system-out>
    <![CDATA[inconsistance bug]]>
  </system-out>
  <testcase classname="testAnnotations.Flag3" name="login" time="0.001"/>
  <system-out>
    <![CDATA[inconsistance bug]]>
  </system-out>
  <testcase classname="testAnnotations.Flag3" name="login" time="0.000"/>
  <system-out>
    <![CDATA[inconsistance bug]]>
  </system-out>
  <testcase classname="testAnnotations.Flag3" name="login" time="0.000"/>
  <system-out>
    <![CDATA[inconsistance bug]]>
  </system-out>
  <testcase classname="testAnnotations.Flag3" name="login" time="0.000"/>
  <system-out>
    <![CDATA[inconsistance bug]]>
  </system-out>
  <testcase classname="testAnnotations.Flag3" name="login" time="0.001"/>
  <system-out>
    <![CDATA[inconsistance bug]]>
  </system-out>
  <testcase classname="testAnnotations.Flag3" name="login" time="0.000"/>
  <system-out>
    <![CDATA[inconsistance bug]]>
  </system-out>
  <testcase classname="testAnnotations.Flag3" name="login" time="0.000"/>
  <system-out>
    <![CDATA[inconsistance bug]]>
  </system-out>
  <testcase classname="testAnnotations.Flag3" name="login" time="0.001"/>
  <system-out>
    <![CDATA[inconsistance bug]]>
  </system-out>
  <testcase classname="testAnnotations.Flag3" name="login" time="0.000"/>
  <system-out>
    <![CDATA[inconsistance bug]]>
  </system-out>
  <testcase classname="testAnnotations.Flag3" name="login" time="0.000"/>
  <system-out>
    <![CDATA[inconsistance bug]]>
  </system-out>
  <testcase classname="testAnnotations.Flag3" name="login" time="0.000"/>
  <system-out>
    <![CDATA[inconsistance bug]]>
  </system-out>
  <testcase classname="testAnnotations.Flag3" name="login" time="0.001"/>
  <system-out>
    <![CDATA[inconsistance bug]]>
  </system-out>
  <testcase classname="testAnnotations.Flag3" name="login" time="0.001"/>
  <system-out>
    <![CDATA[inconsistance bug]]>
  </system-out>
  <testcase classname="testAnnotations.Flag3" name="login" time="0.000"/>
  <system-out>
    <![CDATA[inconsistance bug]]>
  </system-out>
  <testcase classname="testAnnotations.Flag3" name="login" time="0.001"/>
  <system-out>
    <![CDATA[inconsistance bug]]>
  </system-out>
  <testcase classname="testAnnotations.Flag3" name="login" time="0.000"/>
  <system-out>
    <![CDATA[inconsistance bug]]>
  </system-out>
  <testcase classname="testAnnotations.Flag3" name="login" time="0.000"/>
  <system-out>
    <![CDATA[inconsistance bug]]>
  </system-out>
  <testcase classname="testAnnotations.Flag3" name="login" time="0.000"/>
  <system-out>
    <![CDATA[inconsistance bug]]>
  </system-out>
  <testcase classname="testAnnotations.Flag3" name="login" time="0.001"/>
  <system-out>
    <![CDATA[inconsistance bug]]>
  </system-out>
  <testcase classname="testAnnotations.Flag3" name="login" time="0.001"/>
  <system-out>
    <![CDATA[inconsistance bug]]>
  </system-out>
  <testcase classname="testAnnotations.Flag3" name="login" time="0.000"/>
  <system-out>
    <![CDATA[inconsistance bug]]>
  </system-out>
  <testcase classname="testAnnotations.Flag3" name="login" time="0.000"/>
  <system-out>
    <![CDATA[inconsistance bug]]>
  </system-out>
  <testcase classname="testAnnotations.Flag3" name="login" time="0.001"/>
  <system-out>
    <![CDATA[inconsistance bug]]>
  </system-out>
  <testcase classname="testAnnotations.Flag3" name="login" time="0.000"/>
  <system-out>
    <![CDATA[inconsistance bug]]>
  </system-out>
  <testcase classname="testAnnotations.Flag3" name="login" time="0.001"/>
  <system-out>
    <![CDATA[inconsistance bug]]>
  </system-out>
  <testcase classname="testAnnotations.Flag3" name="login" time="0.000"/>
  <system-out>
    <![CDATA[inconsistance bug]]>
  </system-out>
  <testcase classname="testAnnotations.Flag3" name="login" time="0.000"/>
  <system-out>
    <![CDATA[inconsistance bug]]>
  </system-out>
  <testcase classname="testAnnotations.Flag3" name="login" time="0.000"/>
  <system-out>
    <![CDATA[inconsistance bug]]>
  </system-out>
  <testcase classname="testAnnotations.Flag3" name="login" time="0.000"/>
  <system-out>
    <![CDATA[inconsistance bug]]>
  </system-out>
  <testcase classname="testAnnotations.Flag3" name="login" time="0.000"/>
  <system-out>
    <![CDATA[inconsistance bug]]>
  </system-out>
  <testcase classname="testAnnotations.Flag3" name="login" time="0.000"/>
  <system-out>
    <![CDATA[inconsistance bug]]>
  </system-out>
  <testcase classname="testAnnotations.Flag3" name="login" time="0.000"/>
  <system-out>
    <![CDATA[inconsistance bug]]>
  </system-out>
  <testcase classname="testAnnotations.Flag3" name="login" time="0.000"/>
  <system-out>
    <![CDATA[inconsistance bug]]>
  </system-out>
  <testcase classname="testAnnotations.Flag3" name="login" time="0.000"/>
  <system-out>
    <![CDATA[inconsistance bug]]>
  </system-out>
  <testcase classname="testAnnotations.Flag3" name="login" time="0.001"/>
  <system-out>
    <![CDATA[inconsistance bug]]>
  </system-out>
  <testcase classname="testAnnotations.Flag3" name="login" time="0.000"/>
  <system-out>
    <![CDATA[inconsistance bug]]>
  </system-out>
  <testcase classname="testAnnotations.Flag3" name="login" time="0.000"/>
  <system-out>
    <![CDATA[inconsistance bug]]>
  </system-out>
  <testcase classname="testAnnotations.Flag3" name="login" time="0.001"/>
  <system-out>
    <![CDATA[inconsistance bug]]>
  </system-out>
  <testcase classname="testAnnotations.Flag3" name="login" time="0.000"/>
  <system-out>
    <![CDATA[inconsistance bug]]>
  </system-out>
  <testcase classname="testAnnotations.Flag3" name="login" time="0.000"/>
  <system-out>
    <![CDATA[inconsistance bug]]>
  </system-out>
  <testcase classname="testAnnotations.Flag3" name="login" time="0.000"/>
  <system-out>
    <![CDATA[inconsistance bug]]>
  </system-out>
  <testcase classname="testAnnotations.Flag3" name="login" time="0.000"/>
  <system-out>
    <![CDATA[inconsistance bug]]>
  </system-out>
  <testcase classname="testAnnotations.Flag3" name="login" time="0.002"/>
  <system-out>
    <![CDATA[inconsistance bug]]>
  </system-out>
  <testcase classname="testAnnotations.Flag3" name="login" time="0.000"/>
  <system-out>
    <![CDATA[inconsistance bug]]>
  </system-out>
  <testcase classname="testAnnotations.Flag3" name="login" time="0.000"/>
  <system-out>
    <![CDATA[inconsistance bug]]>
  </system-out>
  <testcase classname="testAnnotations.Flag3" name="login" time="0.000"/>
  <system-out>
    <![CDATA[inconsistance bug]]>
  </system-out>
  <testcase classname="testAnnotations.Flag3" name="login" time="0.001"/>
  <system-out>
    <![CDATA[inconsistance bug]]>
  </system-out>
  <testcase classname="testAnnotations.Flag3" name="login" time="0.000"/>
  <system-out>
    <![CDATA[inconsistance bug]]>
  </system-out>
  <testcase classname="testAnnotations.Flag3" name="login" time="0.000"/>
  <system-out>
    <![CDATA[inconsistance bug]]>
  </system-out>
  <testcase classname="testAnnotations.Flag3" name="login" time="0.001"/>
  <system-out>
    <![CDATA[inconsistance bug]]>
  </system-out>
  <testcase classname="testAnnotations.Flag3" name="login" time="0.000"/>
  <system-out>
    <![CDATA[inconsistance bug]]>
  </system-out>
  <testcase classname="testAnnotations.Flag3" name="login" time="0.000"/>
  <system-out>
    <![CDATA[inconsistance bug]]>
  </system-out>
  <testcase classname="testAnnotations.Flag3" name="login" time="0.001"/>
  <system-out>
    <![CDATA[inconsistance bug]]>
  </system-out>
  <testcase classname="testAnnotations.Flag3" name="login" time="0.000"/>
  <system-out>
    <![CDATA[inconsistance bug]]>
  </system-out>
  <testcase classname="testAnnotations.Flag3" name="login" time="0.000"/>
  <system-out>
    <![CDATA[inconsistance bug]]>
  </system-out>
  <testcase classname="testAnnotations.Flag3" name="login" time="0.000"/>
  <system-out>
    <![CDATA[inconsistance bug]]>
  </system-out>
  <testcase classname="testAnnotations.Flag3" name="login" time="0.001"/>
  <system-out>
    <![CDATA[inconsistance bug]]>
  </system-out>
  <testcase classname="testAnnotations.Flag3" name="login" time="0.000"/>
  <system-out>
    <![CDATA[inconsistance bug]]>
  </system-out>
  <testcase classname="testAnnotations.Flag3" name="login" time="0.000"/>
  <system-out>
    <![CDATA[inconsistance bug]]>
  </system-out>
  <testcase classname="testAnnotations.Flag3" name="login" time="0.000"/>
  <system-out>
    <![CDATA[inconsistance bug]]>
  </system-out>
  <testcase classname="testAnnotations.Flag3" name="login" time="0.000"/>
  <system-out>
    <![CDATA[inconsistance bug]]>
  </system-out>
  <testcase classname="testAnnotations.Flag3" name="login" time="0.000"/>
  <system-out>
    <![CDATA[inconsistance bug]]>
  </system-out>
  <testcase classname="testAnnotations.Flag3" name="login" time="0.001"/>
  <system-out>
    <![CDATA[inconsistance bug]]>
  </system-out>
  <testcase classname="testAnnotations.Flag3" name="login" time="0.001"/>
  <system-out>
    <![CDATA[inconsistance bug]]>
  </system-out>
  <testcase classname="testAnnotations.Flag3" name="login" time="0.000"/>
  <system-out>
    <![CDATA[inconsistance bug]]>
  </system-out>
  <testcase classname="testAnnotations.Flag3" name="login" time="0.000"/>
  <system-out>
    <![CDATA[inconsistance bug]]>
  </system-out>
  <testcase classname="testAnnotations.Flag3" name="login" time="0.000"/>
  <system-out>
    <![CDATA[inconsistance bug]]>
  </system-out>
  <testcase classname="testAnnotations.Flag3" name="login" time="0.001"/>
  <system-out>
    <![CDATA[inconsistance bug]]>
  </system-out>
  <testcase classname="testAnnotations.Flag3" name="login" time="0.000"/>
  <system-out>
    <![CDATA[inconsistance bug]]>
  </system-out>
  <testcase classname="testAnnotations.Flag3" name="login" time="0.000"/>
  <system-out>
    <![CDATA[inconsistance bug]]>
  </system-out>
  <testcase classname="testAnnotations.Flag3" name="login" time="0.000"/>
  <system-out>
    <![CDATA[inconsistance bug]]>
  </system-out>
  <testcase classname="testAnnotations.Flag3" name="login" time="0.000"/>
  <system-out>
    <![CDATA[inconsistance bug]]>
  </system-out>
  <testcase classname="testAnnotations.Flag3" name="login" time="0.000"/>
  <system-out>
    <![CDATA[inconsistance bug]]>
  </system-out>
  <testcase classname="testAnnotations.Flag3" name="login" time="0.000"/>
  <system-out>
    <![CDATA[inconsistance bug]]>
  </system-out>
  <testcase classname="testAnnotations.Flag3" name="login" time="0.000"/>
  <system-out>
    <![CDATA[inconsistance bug]]>
  </system-out>
  <testcase classname="testAnnotations.Flag3" name="login" time="0.001"/>
  <system-out>
    <![CDATA[inconsistance bug]]>
  </system-out>
  <testcase classname="testAnnotations.Flag3" name="login" time="0.000"/>
  <system-out>
    <![CDATA[inconsistance bug]]>
  </system-out>
  <testcase classname="testAnnotations.Flag3" name="login" time="0.000"/>
  <system-out>
    <![CDATA[inconsistance bug]]>
  </system-out>
  <testcase classname="testAnnotations.Flag3" name="login" time="0.000"/>
  <system-out>
    <![CDATA[inconsistance bug]]>
  </system-out>
  <testcase classname="testAnnotations.Flag3" name="login" time="0.000"/>
  <system-out>
    <![CDATA[inconsistance bug]]>
  </system-out>
  <testcase classname="testAnnotations.Flag3" name="login" time="0.000"/>
  <system-out>
    <![CDATA[inconsistance bug]]>
  </system-out>
  <testcase classname="testAnnotations.Flag3" name="login" time="0.000"/>
  <system-out>
    <![CDATA[inconsistance bug]]>
  </system-out>
  <testcase classname="testAnnotations.Flag3" name="login" time="0.000"/>
  <system-out>
    <![CDATA[inconsistance bug]]>
  </system-out>
  <testcase classname="testAnnotations.Flag3" name="login" time="0.001"/>
  <system-out>
    <![CDATA[inconsistance bug]]>
  </system-out>
  <testcase classname="testAnnotations.Flag3" name="login" time="0.002"/>
  <system-out>
    <![CDATA[inconsistance bug]]>
  </system-out>
  <testcase classname="testAnnotations.Flag3" name="login" time="0.001"/>
  <system-out>
    <![CDATA[inconsistance bug]]>
  </system-out>
  <testcase classname="testAnnotations.Flag3" name="login" time="0.000"/>
  <system-out>
    <![CDATA[inconsistance bug]]>
  </system-out>
  <testcase classname="testAnnotations.Flag3" name="login" time="0.001"/>
  <system-out>
    <![CDATA[inconsistance bug]]>
  </system-out>
  <testcase classname="testAnnotations.Flag3" name="login" time="0.000"/>
  <system-out>
    <![CDATA[inconsistance bug]]>
  </system-out>
  <testcase classname="testAnnotations.Flag3" name="login" time="0.001"/>
  <system-out>
    <![CDATA[inconsistance bug]]>
  </system-out>
  <testcase classname="testAnnotations.Flag3" name="login" time="0.001"/>
  <system-out>
    <![CDATA[inconsistance bug]]>
  </system-out>
  <testcase classname="testAnnotations.Flag3" name="login" time="0.000"/>
  <system-out>
    <![CDATA[inconsistance bug]]>
  </system-out>
  <testcase classname="testAnnotations.Flag3" name="login" time="0.000"/>
  <system-out>
    <![CDATA[inconsistance bug]]>
  </system-out>
  <testcase classname="testAnnotations.Flag3" name="login" time="0.000"/>
  <system-out>
    <![CDATA[inconsistance bug]]>
  </system-out>
  <testcase classname="testAnnotations.Flag3" name="login" time="0.000"/>
  <system-out>
    <![CDATA[inconsistance bug]]>
  </system-out>
  <testcase classname="testAnnotations.Flag3" name="login" time="0.000"/>
  <system-out>
    <![CDATA[inconsistance bug]]>
  </system-out>
  <testcase classname="testAnnotations.Flag3" name="login" time="0.000"/>
  <system-out>
    <![CDATA[inconsistance bug]]>
  </system-out>
  <testcase classname="testAnnotations.Flag3" name="login" time="0.000"/>
  <system-out>
    <![CDATA[inconsistance bug]]>
  </system-out>
  <testcase classname="testAnnotations.Flag3" name="login" time="0.000"/>
  <system-out>
    <![CDATA[inconsistance bug]]>
  </system-out>
  <testcase classname="testAnnotations.Flag3" name="login" time="0.001"/>
  <system-out>
    <![CDATA[inconsistance bug]]>
  </system-out>
  <testcase classname="testAnnotations.Flag3" name="login" time="0.001"/>
  <system-out>
    <![CDATA[inconsistance bug]]>
  </system-out>
  <testcase classname="testAnnotations.Flag3" name="login" time="0.000"/>
  <system-out>
    <![CDATA[inconsistance bug]]>
  </system-out>
  <testcase classname="testAnnotations.Flag3" name="login" time="0.001"/>
  <system-out>
    <![CDATA[inconsistance bug]]>
  </system-out>
  <testcase classname="testAnnotations.Flag3" name="login" time="0.000"/>
  <system-out>
    <![CDATA[inconsistance bug]]>
  </system-out>
  <testcase classname="testAnnotations.Flag3" name="login" time="0.001"/>
  <system-out>
    <![CDATA[inconsistance bug]]>
  </system-out>
  <testcase classname="testAnnotations.Flag3" name="login" time="0.000"/>
  <system-out>
    <![CDATA[inconsistance bug]]>
  </system-out>
  <testcase classname="testAnnotations.Flag3" name="login" time="0.000"/>
  <system-out>
    <![CDATA[inconsistance bug]]>
  </system-out>
  <testcase classname="testAnnotations.Flag3" name="login" time="0.000"/>
  <system-out>
    <![CDATA[inconsistance bug]]>
  </system-out>
  <testcase classname="testAnnotations.Flag3" name="login" time="0.000"/>
  <system-out>
    <![CDATA[inconsistance bug]]>
  </system-out>
  <testcase classname="testAnnotations.Flag3" name="login" time="0.001"/>
  <system-out>
    <![CDATA[inconsistance bug]]>
  </system-out>
  <testcase classname="testAnnotations.Flag3" name="login" time="0.001"/>
  <system-out>
    <![CDATA[inconsistance bug]]>
  </system-out>
  <testcase classname="testAnnotations.Flag3" name="login" time="0.000"/>
  <system-out>
    <![CDATA[inconsistance bug]]>
  </system-out>
  <testcase classname="testAnnotations.Flag3" name="login" time="0.000"/>
  <system-out>
    <![CDATA[inconsistance bug]]>
  </system-out>
  <testcase classname="testAnnotations.Flag3" name="login" time="0.001"/>
  <system-out>
    <![CDATA[inconsistance bug]]>
  </system-out>
  <testcase classname="testAnnotations.Flag3" name="login" time="0.001"/>
  <system-out>
    <![CDATA[inconsistance bug]]>
  </system-out>
  <testcase classname="testAnnotations.Flag3" name="login" time="0.001"/>
  <system-out>
    <![CDATA[inconsistance bug]]>
  </system-out>
  <testcase classname="testAnnotations.Flag3" name="login" time="0.000"/>
  <system-out>
    <![CDATA[inconsistance bug]]>
  </system-out>
  <testcase classname="testAnnotations.Flag3" name="login" time="0.000"/>
  <system-out>
    <![CDATA[inconsistance bug]]>
  </system-out>
  <testcase classname="testAnnotations.Flag3" name="login" time="0.001"/>
  <system-out>
    <![CDATA[inconsistance bug]]>
  </system-out>
  <testcase classname="testAnnotations.Flag3" name="login" time="0.000"/>
  <system-out>
    <![CDATA[inconsistance bug]]>
  </system-out>
  <testcase classname="testAnnotations.Flag3" name="login" time="0.001"/>
  <system-out>
    <![CDATA[inconsistance bug]]>
  </system-out>
  <testcase classname="testAnnotations.Flag3" name="login" time="0.000"/>
  <system-out>
    <![CDATA[inconsistance bug]]>
  </system-out>
  <testcase classname="testAnnotations.Flag3" name="login" time="0.000"/>
  <system-out>
    <![CDATA[inconsistance bug]]>
  </system-out>
  <testcase classname="testAnnotations.Flag3" name="login" time="0.000"/>
  <system-out>
    <![CDATA[inconsistance bug]]>
  </system-out>
  <testcase classname="testAnnotations.Flag3" name="login" time="0.001"/>
  <system-out>
    <![CDATA[inconsistance bug]]>
  </system-out>
  <testcase classname="testAnnotations.Flag3" name="login" time="0.001"/>
  <system-out>
    <![CDATA[inconsistance bug]]>
  </system-out>
  <testcase classname="testAnnotations.Flag3" name="login" time="0.000"/>
  <system-out>
    <![CDATA[inconsistance bug]]>
  </system-out>
  <testcase classname="testAnnotations.Flag3" name="login" time="0.001"/>
  <system-out>
    <![CDATA[inconsistance bug]]>
  </system-out>
  <testcase classname="testAnnotations.Flag3" name="login" time="0.000"/>
  <system-out>
    <![CDATA[inconsistance bug]]>
  </system-out>
  <testcase classname="testAnnotations.Flag3" name="login" time="0.001"/>
  <system-out>
    <![CDATA[inconsistance bug]]>
  </system-out>
  <testcase classname="testAnnotations.Flag3" name="login" time="0.000"/>
  <system-out>
    <![CDATA[inconsistance bug]]>
  </system-out>
  <testcase classname="testAnnotations.Flag3" name="login" time="0.000"/>
  <system-out>
    <![CDATA[inconsistance bug]]>
  </system-out>
  <testcase classname="testAnnotations.Flag3" name="login" time="0.000"/>
  <system-out>
    <![CDATA[inconsistance bug]]>
  </system-out>
  <testcase classname="testAnnotations.Flag3" name="login" time="0.001"/>
  <system-out>
    <![CDATA[inconsistance bug]]>
  </system-out>
  <testcase classname="testAnnotations.Flag3" name="login" time="0.000"/>
  <system-out>
    <![CDATA[inconsistance bug]]>
  </system-out>
  <testcase classname="testAnnotations.Flag3" name="login" time="0.001"/>
  <system-out>
    <![CDATA[inconsistance bug]]>
  </system-out>
  <testcase classname="testAnnotations.Flag3" name="login" time="0.000"/>
  <system-out>
    <![CDATA[inconsistance bug]]>
  </system-out>
  <testcase classname="testAnnotations.Flag3" name="login" time="0.000"/>
  <system-out>
    <![CDATA[inconsistance bug]]>
  </system-out>
  <testcase classname="testAnnotations.Flag3" name="login" time="0.000"/>
  <system-out>
    <![CDATA[inconsistance bug]]>
  </system-out>
  <testcase classname="testAnnotations.Flag3" name="login" time="0.000"/>
  <system-out>
    <![CDATA[inconsistance bug]]>
  </system-out>
  <testcase classname="testAnnotations.Flag3" name="login" time="0.003"/>
  <system-out>
    <![CDATA[inconsistance bug]]>
  </system-out>
  <testcase classname="testAnnotations.Flag3" name="login" time="0.001"/>
  <system-out>
    <![CDATA[inconsistance bug]]>
  </system-out>
  <testcase classname="testAnnotations.Flag3" name="login" time="0.000"/>
  <system-out>
    <![CDATA[inconsistance bug]]>
  </system-out>
  <testcase classname="testAnnotations.Flag3" name="login" time="0.000"/>
  <system-out>
    <![CDATA[inconsistance bug]]>
  </system-out>
  <testcase classname="testAnnotations.Flag3" name="login" time="0.000"/>
  <system-out>
    <![CDATA[inconsistance bug]]>
  </system-out>
  <testcase classname="testAnnotations.Flag3" name="login" time="0.001"/>
  <system-out>
    <![CDATA[inconsistance bug]]>
  </system-out>
  <testcase classname="testAnnotations.Flag3" name="login" time="0.001"/>
  <system-out>
    <![CDATA[inconsistance bug]]>
  </system-out>
  <testcase classname="testAnnotations.Flag3" name="login" time="0.000"/>
  <system-out>
    <![CDATA[inconsistance bug]]>
  </system-out>
  <testcase classname="testAnnotations.Flag3" name="login" time="0.001"/>
  <system-out>
    <![CDATA[inconsistance bug]]>
  </system-out>
  <testcase classname="testAnnotations.Flag3" name="login" time="0.001"/>
  <system-out>
    <![CDATA[inconsistance bug]]>
  </system-out>
  <testcase classname="testAnnotations.Flag3" name="login" time="0.000"/>
  <system-out>
    <![CDATA[inconsistance bug]]>
  </system-out>
  <testcase classname="testAnnotations.Flag3" name="login" time="0.000"/>
  <system-out>
    <![CDATA[inconsistance bug]]>
  </system-out>
  <testcase classname="testAnnotations.Flag3" name="login" time="0.000"/>
  <system-out>
    <![CDATA[inconsistance bug]]>
  </system-out>
  <testcase classname="testAnnotations.Flag3" name="login" time="0.001"/>
  <system-out>
    <![CDATA[inconsistance bug]]>
  </system-out>
  <testcase classname="testAnnotations.Flag3" name="login" time="0.000"/>
  <system-out>
    <![CDATA[inconsistance bug]]>
  </system-out>
  <testcase classname="testAnnotations.Flag3" name="login" time="0.000"/>
  <system-out>
    <![CDATA[inconsistance bug]]>
  </system-out>
  <testcase classname="testAnnotations.Flag3" name="login" time="0.000"/>
  <system-out>
    <![CDATA[inconsistance bug]]>
  </system-out>
  <testcase classname="testAnnotations.Flag3" name="login" time="0.001"/>
  <system-out>
    <![CDATA[inconsistance bug]]>
  </system-out>
  <testcase classname="testAnnotations.Flag3" name="login" time="0.000"/>
  <system-out>
    <![CDATA[inconsistance bug]]>
  </system-out>
  <testcase classname="testAnnotations.Flag3" name="login" time="0.000"/>
  <system-out>
    <![CDATA[inconsistance bug]]>
  </system-out>
  <testcase classname="testAnnotations.Flag3" name="login" time="0.000"/>
  <system-out>
    <![CDATA[inconsistance bug]]>
  </system-out>
  <testcase classname="testAnnotations.Flag3" name="login" time="0.001"/>
  <system-out>
    <![CDATA[inconsistance bug]]>
  </system-out>
  <testcase classname="testAnnotations.Flag3" name="login" time="0.001"/>
  <system-out>
    <![CDATA[inconsistance bug]]>
  </system-out>
  <testcase classname="testAnnotations.Flag3" name="login" time="0.002"/>
  <system-out>
    <![CDATA[inconsistance bug]]>
  </system-out>
  <testcase classname="testAnnotations.Flag3" name="login" time="0.000"/>
  <system-out>
    <![CDATA[inconsistance bug]]>
  </system-out>
  <testcase classname="testAnnotations.Flag3" name="login" time="0.001"/>
  <system-out>
    <![CDATA[inconsistance bug]]>
  </system-out>
  <testcase classname="testAnnotations.Flag3" name="login" time="0.000"/>
  <system-out>
    <![CDATA[inconsistance bug]]>
  </system-out>
  <testcase classname="testAnnotations.Flag3" name="login" time="0.000"/>
  <system-out>
    <![CDATA[inconsistance bug]]>
  </system-out>
  <testcase classname="testAnnotations.Flag3" name="login" time="0.001"/>
  <system-out>
    <![CDATA[inconsistance bug]]>
  </system-out>
  <testcase classname="testAnnotations.Flag3" name="login" time="0.001"/>
  <system-out>
    <![CDATA[inconsistance bug]]>
  </system-out>
  <testcase classname="testAnnotations.Flag3" name="login" time="0.000"/>
  <system-out>
    <![CDATA[inconsistance bug]]>
  </system-out>
  <testcase classname="testAnnotations.Flag3" name="login" time="0.000"/>
  <system-out>
    <![CDATA[inconsistance bug]]>
  </system-out>
  <testcase classname="testAnnotations.Flag3" name="login" time="0.001"/>
  <system-out>
    <![CDATA[inconsistance bug]]>
  </system-out>
  <testcase classname="testAnnotations.Flag3" name="login" time="0.000"/>
  <system-out>
    <![CDATA[inconsistance bug]]>
  </system-out>
  <testcase classname="testAnnotations.Flag3" name="login" time="0.000"/>
  <system-out>
    <![CDATA[inconsistance bug]]>
  </system-out>
  <testcase classname="testAnnotations.Flag3" name="login" time="0.000"/>
  <system-out>
    <![CDATA[inconsistance bug]]>
  </system-out>
  <testcase classname="testAnnotations.Flag3" name="login" time="0.000"/>
  <system-out>
    <![CDATA[inconsistance bug]]>
  </system-out>
  <testcase classname="testAnnotations.Flag3" name="login" time="0.001"/>
  <system-out>
    <![CDATA[inconsistance bug]]>
  </system-out>
  <testcase classname="testAnnotations.Flag3" name="login" time="0.000"/>
  <system-out>
    <![CDATA[inconsistance bug]]>
  </system-out>
  <testcase classname="testAnnotations.Flag3" name="login" time="0.000"/>
  <system-out>
    <![CDATA[inconsistance bug]]>
  </system-out>
  <testcase classname="testAnnotations.Flag3" name="login" time="0.000"/>
  <system-out>
    <![CDATA[inconsistance bug]]>
  </system-out>
  <testcase classname="testAnnotations.Flag3" name="login" time="0.000"/>
  <system-out>
    <![CDATA[inconsistance bug]]>
  </system-out>
  <testcase classname="testAnnotations.Flag3" name="login" time="0.000"/>
  <system-out>
    <![CDATA[inconsistance bug]]>
  </system-out>
  <testcase classname="testAnnotations.Flag3" name="login" time="0.000"/>
  <system-out>
    <![CDATA[inconsistance bug]]>
  </system-out>
  <testcase classname="testAnnotations.Flag3" name="login" time="0.000"/>
  <system-out>
    <![CDATA[inconsistance bug]]>
  </system-out>
  <testcase classname="testAnnotations.Flag3" name="login" time="0.000"/>
  <system-out>
    <![CDATA[inconsistance bug]]>
  </system-out>
  <testcase classname="testAnnotations.Flag3" name="login" time="0.001"/>
  <system-out>
    <![CDATA[inconsistance bug]]>
  </system-out>
  <testcase classname="testAnnotations.Flag3" name="login" time="0.000"/>
  <system-out>
    <![CDATA[inconsistance bug]]>
  </system-out>
  <testcase classname="testAnnotations.Flag3" name="login" time="0.001"/>
  <system-out>
    <![CDATA[inconsistance bug]]>
  </system-out>
  <testcase classname="testAnnotations.Flag3" name="login" time="0.000"/>
  <system-out>
    <![CDATA[inconsistance bug]]>
  </system-out>
  <testcase classname="testAnnotations.Flag3" name="login" time="0.000"/>
  <system-out>
    <![CDATA[inconsistance bug]]>
  </system-out>
  <testcase classname="testAnnotations.Flag3" name="login" time="0.000"/>
  <system-out>
    <![CDATA[inconsistance bug]]>
  </system-out>
  <testcase classname="testAnnotations.Flag3" name="login" time="0.000"/>
  <system-out>
    <![CDATA[inconsistance bug]]>
  </system-out>
  <testcase classname="testAnnotations.Flag3" name="login" time="0.001"/>
  <system-out>
    <![CDATA[inconsistance bug]]>
  </system-out>
  <testcase classname="testAnnotations.Flag3" name="login" time="0.000"/>
  <system-out>
    <![CDATA[inconsistance bug]]>
  </system-out>
  <testcase classname="testAnnotations.Flag3" name="login" time="0.001"/>
  <system-out>
    <![CDATA[inconsistance bug]]>
  </system-out>
  <testcase classname="testAnnotations.Flag3" name="login" time="0.001"/>
  <system-out>
    <![CDATA[inconsistance bug]]>
  </system-out>
  <testcase classname="testAnnotations.Flag3" name="login" time="0.000"/>
  <system-out>
    <![CDATA[inconsistance bug]]>
  </system-out>
  <testcase classname="testAnnotations.Flag3" name="login" time="0.000"/>
  <system-out>
    <![CDATA[inconsistance bug]]>
  </system-out>
  <testcase classname="testAnnotations.Flag3" name="login" time="0.001"/>
  <system-out>
    <![CDATA[inconsistance bug]]>
  </system-out>
  <testcase classname="testAnnotations.Flag3" name="login" time="0.000"/>
  <system-out>
    <![CDATA[inconsistance bug]]>
  </system-out>
  <testcase classname="testAnnotations.Flag3" name="login" time="0.000"/>
  <system-out>
    <![CDATA[inconsistance bug]]>
  </system-out>
  <testcase classname="testAnnotations.Flag3" name="login" time="0.000"/>
  <system-out>
    <![CDATA[inconsistance bug]]>
  </system-out>
  <testcase classname="testAnnotations.Flag3" name="login" time="0.001"/>
  <system-out>
    <![CDATA[inconsistance bug]]>
  </system-out>
  <testcase classname="testAnnotations.Flag3" name="login" time="0.000"/>
  <system-out>
    <![CDATA[inconsistance bug]]>
  </system-out>
  <testcase classname="testAnnotations.Flag3" name="login" time="0.000"/>
  <system-out>
    <![CDATA[inconsistance bug]]>
  </system-out>
  <testcase classname="testAnnotations.Flag3" name="login" time="0.000"/>
  <system-out>
    <![CDATA[inconsistance bug]]>
  </system-out>
  <testcase classname="testAnnotations.Flag3" name="login" time="0.012"/>
  <system-out>
    <![CDATA[inconsistance bug]]>
  </system-out>
  <testcase classname="testAnnotations.Flag3" name="login" time="0.001"/>
  <system-out>
    <![CDATA[inconsistance bug]]>
  </system-out>
  <testcase classname="testAnnotations.Flag3" name="login" time="0.000"/>
  <system-out>
    <![CDATA[inconsistance bug]]>
  </system-out>
  <testcase classname="testAnnotations.Flag3" name="login" time="0.000"/>
  <system-out>
    <![CDATA[inconsistance bug]]>
  </system-out>
  <testcase classname="testAnnotations.Flag3" name="login" time="0.000"/>
  <system-out>
    <![CDATA[inconsistance bug]]>
  </system-out>
  <testcase classname="testAnnotations.Flag3" name="login" time="0.001"/>
  <system-out>
    <![CDATA[inconsistance bug]]>
  </system-out>
  <testcase classname="testAnnotations.Flag3" name="login" time="0.000"/>
  <system-out>
    <![CDATA[inconsistance bug]]>
  </system-out>
  <testcase classname="testAnnotations.Flag3" name="login" time="0.000"/>
  <system-out>
    <![CDATA[inconsistance bug]]>
  </system-out>
  <testcase classname="testAnnotations.Flag3" name="login" time="0.001"/>
  <system-out>
    <![CDATA[inconsistance bug]]>
  </system-out>
  <testcase classname="testAnnotations.Flag3" name="login" time="0.001"/>
  <system-out>
    <![CDATA[inconsistance bug]]>
  </system-out>
  <testcase classname="testAnnotations.Flag3" name="login" time="0.000"/>
  <system-out>
    <![CDATA[inconsistance bug]]>
  </system-out>
  <testcase classname="testAnnotations.Flag3" name="login" time="0.000"/>
  <system-out>
    <![CDATA[inconsistance bug]]>
  </system-out>
  <testcase classname="testAnnotations.Flag3" name="login" time="0.001"/>
  <system-out>
    <![CDATA[inconsistance bug]]>
  </system-out>
  <testcase classname="testAnnotations.Flag3" name="login" time="0.001"/>
  <system-out>
    <![CDATA[inconsistance bug]]>
  </system-out>
  <testcase classname="testAnnotations.Flag3" name="login" time="0.000"/>
  <system-out>
    <![CDATA[inconsistance bug]]>
  </system-out>
  <testcase classname="testAnnotations.Flag3" name="login" time="0.000"/>
  <system-out>
    <![CDATA[inconsistance bug]]>
  </system-out>
  <testcase classname="testAnnotations.Flag3" name="login" time="0.001"/>
  <system-out>
    <![CDATA[inconsistance bug]]>
  </system-out>
  <testcase classname="testAnnotations.Flag3" name="login" time="0.000"/>
  <system-out>
    <![CDATA[inconsistance bug]]>
  </system-out>
  <testcase classname="testAnnotations.Flag3" name="login" time="0.000"/>
  <system-out>
    <![CDATA[inconsistance bug]]>
  </system-out>
  <testcase classname="testAnnotations.Flag3" name="login" time="0.000"/>
  <system-out>
    <![CDATA[inconsistance bug]]>
  </system-out>
  <testcase classname="testAnnotations.Flag3" name="login" time="0.000"/>
  <system-out>
    <![CDATA[inconsistance bug]]>
  </system-out>
  <testcase classname="testAnnotations.Flag3" name="login" time="0.000"/>
  <system-out>
    <![CDATA[inconsistance bug]]>
  </system-out>
  <testcase classname="testAnnotations.Flag3" name="login" time="0.000"/>
  <system-out>
    <![CDATA[inconsistance bug]]>
  </system-out>
  <testcase classname="testAnnotations.Flag3" name="login" time="0.001"/>
  <system-out>
    <![CDATA[inconsistance bug]]>
  </system-out>
  <testcase classname="testAnnotations.Flag3" name="login" time="0.000"/>
  <system-out>
    <![CDATA[inconsistance bug]]>
  </system-out>
  <testcase classname="testAnnotations.Flag3" name="login" time="0.001"/>
  <system-out>
    <![CDATA[inconsistance bug]]>
  </system-out>
  <testcase classname="testAnnotations.Flag3" name="login" time="0.001"/>
  <system-out>
    <![CDATA[inconsistance bug]]>
  </system-out>
  <testcase classname="testAnnotations.Flag3" name="login" time="0.000"/>
  <system-out>
    <![CDATA[inconsistance bug]]>
  </system-out>
  <testcase classname="testAnnotations.Flag3" name="login" time="0.000"/>
  <system-out>
    <![CDATA[inconsistance bug]]>
  </system-out>
  <testcase classname="testAnnotations.Flag3" name="login" time="0.000"/>
  <system-out>
    <![CDATA[inconsistance bug]]>
  </system-out>
  <testcase classname="testAnnotations.Flag3" name="login" time="0.001"/>
  <system-out>
    <![CDATA[inconsistance bug]]>
  </system-out>
  <testcase classname="testAnnotations.Flag3" name="login" time="0.000"/>
  <system-out>
    <![CDATA[inconsistance bug]]>
  </system-out>
  <testcase classname="testAnnotations.Flag3" name="login" time="0.000"/>
  <system-out>
    <![CDATA[inconsistance bug]]>
  </system-out>
  <testcase classname="testAnnotations.Flag3" name="login" time="0.001"/>
  <system-out>
    <![CDATA[inconsistance bug]]>
  </system-out>
  <testcase classname="testAnnotations.Flag3" name="login" time="0.000"/>
  <system-out>
    <![CDATA[inconsistance bug]]>
  </system-out>
  <testcase classname="testAnnotations.Flag3" name="login" time="0.001"/>
  <system-out>
    <![CDATA[inconsistance bug]]>
  </system-out>
  <testcase classname="testAnnotations.Flag3" name="login" time="0.000"/>
  <system-out>
    <![CDATA[inconsistance bug]]>
  </system-out>
  <testcase classname="testAnnotations.Flag3" name="login" time="0.000"/>
  <system-out>
    <![CDATA[inconsistance bug]]>
  </system-out>
  <testcase classname="testAnnotations.Flag3" name="login" time="0.000"/>
  <system-out>
    <![CDATA[inconsistance bug]]>
  </system-out>
  <testcase classname="testAnnotations.Flag3" name="login" time="0.001"/>
  <system-out>
    <![CDATA[inconsistance bug]]>
  </system-out>
  <testcase classname="testAnnotations.Flag3" name="login" time="0.000"/>
  <system-out>
    <![CDATA[inconsistance bug]]>
  </system-out>
  <testcase classname="testAnnotations.Flag3" name="login" time="0.000"/>
  <system-out>
    <![CDATA[inconsistance bug]]>
  </system-out>
  <testcase classname="testAnnotations.Flag3" name="login" time="0.001"/>
  <system-out>
    <![CDATA[inconsistance bug]]>
  </system-out>
  <testcase classname="testAnnotations.Flag3" name="login" time="0.000"/>
  <system-out>
    <![CDATA[inconsistance bug]]>
  </system-out>
  <testcase classname="testAnnotations.Flag3" name="login" time="0.000"/>
  <system-out>
    <![CDATA[inconsistance bug]]>
  </system-out>
  <testcase classname="testAnnotations.Flag3" name="login" time="0.000"/>
  <system-out>
    <![CDATA[inconsistance bug]]>
  </system-out>
  <testcase classname="testAnnotations.Flag3" name="login" time="0.001"/>
  <system-out>
    <![CDATA[inconsistance bug]]>
  </system-out>
  <testcase classname="testAnnotations.Flag3" name="login" time="0.000"/>
  <system-out>
    <![CDATA[inconsistance bug]]>
  </system-out>
  <testcase classname="testAnnotations.Flag3" name="login" time="0.001"/>
  <system-out>
    <![CDATA[inconsistance bug]]>
  </system-out>
  <testcase classname="testAnnotations.Flag3" name="login" time="0.001"/>
  <system-out>
    <![CDATA[inconsistance bug]]>
  </system-out>
  <testcase classname="testAnnotations.Flag3" name="login" time="0.000"/>
  <system-out>
    <![CDATA[inconsistance bug]]>
  </system-out>
  <testcase classname="testAnnotations.Flag3" name="login" time="0.001"/>
  <system-out>
    <![CDATA[inconsistance bug]]>
  </system-out>
  <testcase classname="testAnnotations.Flag3" name="login" time="0.001"/>
  <system-out>
    <![CDATA[inconsistance bug]]>
  </system-out>
  <testcase classname="testAnnotations.Flag3" name="login" time="0.000"/>
  <system-out>
    <![CDATA[inconsistance bug]]>
  </system-out>
  <testcase classname="testAnnotations.Flag3" name="login" time="0.001"/>
  <system-out>
    <![CDATA[inconsistance bug]]>
  </system-out>
  <testcase classname="testAnnotations.Flag3" name="login" time="0.000"/>
  <system-out>
    <![CDATA[inconsistance bug]]>
  </system-out>
  <testcase classname="testAnnotations.Flag3" name="login" time="0.000"/>
  <system-out>
    <![CDATA[inconsistance bug]]>
  </system-out>
  <testcase classname="testAnnotations.Flag3" name="login" time="0.001"/>
  <system-out>
    <![CDATA[inconsistance bug]]>
  </system-out>
  <testcase classname="testAnnotations.Flag3" name="login" time="0.000"/>
  <system-out>
    <![CDATA[inconsistance bug]]>
  </system-out>
  <testcase classname="testAnnotations.Flag3" name="login" time="0.000"/>
  <system-out>
    <![CDATA[inconsistance bug]]>
  </system-out>
  <testcase classname="testAnnotations.Flag3" name="login" time="0.000"/>
  <system-out>
    <![CDATA[inconsistance bug]]>
  </system-out>
  <testcase classname="testAnnotations.Flag3" name="login" time="0.000"/>
  <system-out>
    <![CDATA[inconsistance bug]]>
  </system-out>
  <testcase classname="testAnnotations.Flag3" name="login" time="0.001"/>
  <system-out>
    <![CDATA[inconsistance bug]]>
  </system-out>
  <testcase classname="testAnnotations.Flag3" name="login" time="0.000"/>
  <system-out>
    <![CDATA[inconsistance bug]]>
  </system-out>
  <testcase classname="testAnnotations.Flag3" name="login" time="0.000"/>
  <system-out>
    <![CDATA[inconsistance bug]]>
  </system-out>
  <testcase classname="testAnnotations.Flag3" name="login" time="0.000"/>
  <system-out>
    <![CDATA[inconsistance bug]]>
  </system-out>
  <testcase classname="testAnnotations.Flag3" name="login" time="0.001"/>
  <system-out>
    <![CDATA[inconsistance bug]]>
  </system-out>
  <testcase classname="testAnnotations.Flag3" name="login" time="0.000"/>
  <system-out>
    <![CDATA[inconsistance bug]]>
  </system-out>
  <testcase classname="testAnnotations.Flag3" name="login" time="0.000"/>
  <system-out>
    <![CDATA[inconsistance bug]]>
  </system-out>
  <testcase classname="testAnnotations.Flag3" name="login" time="0.000"/>
  <system-out>
    <![CDATA[inconsistance bug]]>
  </system-out>
  <testcase classname="testAnnotations.Flag3" name="login" time="0.000"/>
  <system-out>
    <![CDATA[inconsistance bug]]>
  </system-out>
  <testcase classname="testAnnotations.Flag3" name="login" time="0.001"/>
  <system-out>
    <![CDATA[inconsistance bug]]>
  </system-out>
  <testcase classname="testAnnotations.Flag3" name="login" time="0.000"/>
  <system-out>
    <![CDATA[inconsistance bug]]>
  </system-out>
  <testcase classname="testAnnotations.Flag3" name="login" time="0.000"/>
  <system-out>
    <![CDATA[inconsistance bug]]>
  </system-out>
  <testcase classname="testAnnotations.Flag3" name="login" time="0.001"/>
  <system-out>
    <![CDATA[inconsistance bug]]>
  </system-out>
  <testcase classname="testAnnotations.Flag3" name="login" time="0.000"/>
  <system-out>
    <![CDATA[inconsistance bug]]>
  </system-out>
  <testcase classname="testAnnotations.Flag3" name="login" time="0.001"/>
  <system-out>
    <![CDATA[inconsistance bug]]>
  </system-out>
  <testcase classname="testAnnotations.Flag3" name="login" time="0.000"/>
  <system-out>
    <![CDATA[inconsistance bug]]>
  </system-out>
  <testcase classname="testAnnotations.Flag3" name="login" time="0.000"/>
  <system-out>
    <![CDATA[inconsistance bug]]>
  </system-out>
  <testcase classname="testAnnotations.Flag3" name="login" time="0.000"/>
  <system-out>
    <![CDATA[inconsistance bug]]>
  </system-out>
  <testcase classname="testAnnotations.Flag3" name="login" time="0.000"/>
  <system-out>
    <![CDATA[inconsistance bug]]>
  </system-out>
  <testcase classname="testAnnotations.Flag3" name="login" time="0.000"/>
  <system-out>
    <![CDATA[inconsistance bug]]>
  </system-out>
  <testcase classname="testAnnotations.Flag3" name="login" time="0.000"/>
  <system-out>
    <![CDATA[inconsistance bug]]>
  </system-out>
  <testcase classname="testAnnotations.Flag3" name="login" time="0.001"/>
  <system-out>
    <![CDATA[inconsistance bug]]>
  </system-out>
  <testcase classname="testAnnotations.Flag3" name="login" time="0.000"/>
  <system-out>
    <![CDATA[inconsistance bug]]>
  </system-out>
  <testcase classname="testAnnotations.Flag3" name="login" time="0.000"/>
  <system-out>
    <![CDATA[inconsistance bug]]>
  </system-out>
  <testcase classname="testAnnotations.Flag3" name="login" time="0.000"/>
  <system-out>
    <![CDATA[inconsistance bug]]>
  </system-out>
  <testcase classname="testAnnotations.Flag3" name="login" time="0.000"/>
  <system-out>
    <![CDATA[inconsistance bug]]>
  </system-out>
  <testcase classname="testAnnotations.Flag3" name="login" time="0.000"/>
  <system-out>
    <![CDATA[inconsistance bug]]>
  </system-out>
  <testcase classname="testAnnotations.Flag3" name="login" time="0.000"/>
  <system-out>
    <![CDATA[inconsistance bug]]>
  </system-out>
  <testcase classname="testAnnotations.Flag3" name="login" time="0.000"/>
  <system-out>
    <![CDATA[inconsistance bug]]>
  </system-out>
  <testcase classname="testAnnotations.Flag3" name="login" time="0.001"/>
  <system-out>
    <![CDATA[inconsistance bug]]>
  </system-out>
  <testcase classname="testAnnotations.Flag3" name="login" time="0.001"/>
  <system-out>
    <![CDATA[inconsistance bug]]>
  </system-out>
  <testcase classname="testAnnotations.Flag3" name="login" time="0.000"/>
  <system-out>
    <![CDATA[inconsistance bug]]>
  </system-out>
  <testcase classname="testAnnotations.Flag3" name="login" time="0.000"/>
  <system-out>
    <![CDATA[inconsistance bug]]>
  </system-out>
  <testcase classname="testAnnotations.Flag3" name="login" time="0.000"/>
  <system-out>
    <![CDATA[inconsistance bug]]>
  </system-out>
  <testcase classname="testAnnotations.Flag3" name="login" time="0.000"/>
  <system-out>
    <![CDATA[inconsistance bug]]>
  </system-out>
  <testcase classname="testAnnotations.Flag3" name="login" time="0.000"/>
  <system-out>
    <![CDATA[inconsistance bug]]>
  </system-out>
  <testcase classname="testAnnotations.Flag3" name="login" time="0.001"/>
  <system-out>
    <![CDATA[inconsistance bug]]>
  </system-out>
  <testcase classname="testAnnotations.Flag3" name="login" time="0.000"/>
  <system-out>
    <![CDATA[inconsistance bug]]>
  </system-out>
  <testcase classname="testAnnotations.Flag3" name="login" time="0.000"/>
  <system-out>
    <![CDATA[inconsistance bug]]>
  </system-out>
  <testcase classname="testAnnotations.Flag3" name="login" time="0.001"/>
  <system-out>
    <![CDATA[inconsistance bug]]>
  </system-out>
  <testcase classname="testAnnotations.Flag3" name="login" time="0.000"/>
  <system-out>
    <![CDATA[inconsistance bug]]>
  </system-out>
  <testcase classname="testAnnotations.Flag3" name="login" time="0.002"/>
  <system-out>
    <![CDATA[inconsistance bug]]>
  </system-out>
  <testcase classname="testAnnotations.Flag3" name="login" time="0.001"/>
  <system-out>
    <![CDATA[inconsistance bug]]>
  </system-out>
  <testcase classname="testAnnotations.Flag3" name="login" time="0.000"/>
  <system-out>
    <![CDATA[inconsistance bug]]>
  </system-out>
  <testcase classname="testAnnotations.Flag3" name="login" time="0.000"/>
  <system-out>
    <![CDATA[inconsistance bug]]>
  </system-out>
  <testcase classname="testAnnotations.Flag3" name="login" time="0.001"/>
  <system-out>
    <![CDATA[inconsistance bug]]>
  </system-out>
  <testcase classname="testAnnotations.Flag3" name="login" time="0.001"/>
  <system-out>
    <![CDATA[inconsistance bug]]>
  </system-out>
  <testcase classname="testAnnotations.Flag3" name="login" time="0.000"/>
  <system-out>
    <![CDATA[inconsistance bug]]>
  </system-out>
  <testcase classname="testAnnotations.Flag3" name="login" time="0.000"/>
  <system-out>
    <![CDATA[inconsistance bug]]>
  </system-out>
  <testcase classname="testAnnotations.Flag3" name="login" time="0.000"/>
  <system-out>
    <![CDATA[inconsistance bug]]>
  </system-out>
  <testcase classname="testAnnotations.Flag3" name="login" time="0.001"/>
  <system-out>
    <![CDATA[inconsistance bug]]>
  </system-out>
  <testcase classname="testAnnotations.Flag3" name="login" time="0.000"/>
  <system-out>
    <![CDATA[inconsistance bug]]>
  </system-out>
  <testcase classname="testAnnotations.Flag3" name="login" time="0.001"/>
  <system-out>
    <![CDATA[inconsistance bug]]>
  </system-out>
  <testcase classname="testAnnotations.Flag3" name="login" time="0.000"/>
  <system-out>
    <![CDATA[inconsistance bug]]>
  </system-out>
  <testcase classname="testAnnotations.Flag3" name="login" time="0.002"/>
  <system-out>
    <![CDATA[inconsistance bug]]>
  </system-out>
  <testcase classname="testAnnotations.Flag3" name="login" time="0.001"/>
  <system-out>
    <![CDATA[inconsistance bug]]>
  </system-out>
  <testcase classname="testAnnotations.Flag3" name="login" time="0.000"/>
  <system-out>
    <![CDATA[inconsistance bug]]>
  </system-out>
  <testcase classname="testAnnotations.Flag3" name="login" time="0.000"/>
  <system-out>
    <![CDATA[inconsistance bug]]>
  </system-out>
  <testcase classname="testAnnotations.Flag3" name="login" time="0.000"/>
  <system-out>
    <![CDATA[inconsistance bug]]>
  </system-out>
  <testcase classname="testAnnotations.Flag3" name="login" time="0.000"/>
  <system-out>
    <![CDATA[inconsistance bug]]>
  </system-out>
  <testcase classname="testAnnotations.Flag3" name="login" time="0.000"/>
  <system-out>
    <![CDATA[inconsistance bug]]>
  </system-out>
  <testcase classname="testAnnotations.Flag3" name="login" time="0.000"/>
  <system-out>
    <![CDATA[inconsistance bug]]>
  </system-out>
  <testcase classname="testAnnotations.Flag3" name="login" time="0.000"/>
  <system-out>
    <![CDATA[inconsistance bug]]>
  </system-out>
  <testcase classname="testAnnotations.Flag3" name="login" time="0.001"/>
  <system-out>
    <![CDATA[inconsistance bug]]>
  </system-out>
  <testcase classname="testAnnotations.Flag3" name="login" time="0.000"/>
  <system-out>
    <![CDATA[inconsistance bug]]>
  </system-out>
  <testcase classname="testAnnotations.Flag3" name="login" time="0.001"/>
  <system-out>
    <![CDATA[inconsistance bug]]>
  </system-out>
  <testcase classname="testAnnotations.Flag3" name="login" time="0.000"/>
  <system-out>
    <![CDATA[inconsistance bug]]>
  </system-out>
  <testcase classname="testAnnotations.Flag3" name="login" time="0.000"/>
  <system-out>
    <![CDATA[inconsistance bug]]>
  </system-out>
  <testcase classname="testAnnotations.Flag3" name="login" time="0.000"/>
  <system-out>
    <![CDATA[inconsistance bug]]>
  </system-out>
  <testcase classname="testAnnotations.Flag3" name="login" time="0.000"/>
  <system-out>
    <![CDATA[inconsistance bug]]>
  </system-out>
  <testcase classname="testAnnotations.Flag3" name="login" time="0.000"/>
  <system-out>
    <![CDATA[inconsistance bug]]>
  </system-out>
  <testcase classname="testAnnotations.Flag3" name="login" time="0.000"/>
  <system-out>
    <![CDATA[inconsistance bug]]>
  </system-out>
  <testcase classname="testAnnotations.Flag3" name="login" time="0.000"/>
  <system-out>
    <![CDATA[inconsistance bug]]>
  </system-out>
  <testcase classname="testAnnotations.Flag3" name="login" time="0.000"/>
  <system-out>
    <![CDATA[inconsistance bug]]>
  </system-out>
  <testcase classname="testAnnotations.Flag3" name="login" time="0.000"/>
  <system-out>
    <![CDATA[inconsistance bug]]>
  </system-out>
  <testcase classname="testAnnotations.Flag3" name="login" time="0.001"/>
  <system-out>
    <![CDATA[inconsistance bug]]>
  </system-out>
  <testcase classname="testAnnotations.Flag3" name="login" time="0.001"/>
  <system-out>
    <![CDATA[inconsistance bug]]>
  </system-out>
  <testcase classname="testAnnotations.Flag3" name="login" time="0.000"/>
  <system-out>
    <![CDATA[inconsistance bug]]>
  </system-out>
  <testcase classname="testAnnotations.Flag3" name="login" time="0.001"/>
  <system-out>
    <![CDATA[inconsistance bug]]>
  </system-out>
  <testcase classname="testAnnotations.Flag3" name="login" time="0.000"/>
  <system-out>
    <![CDATA[inconsistance bug]]>
  </system-out>
  <testcase classname="testAnnotations.Flag3" name="login" time="0.000"/>
  <system-out>
    <![CDATA[inconsistance bug]]>
  </system-out>
  <testcase classname="testAnnotations.Flag3" name="login" time="0.000"/>
  <system-out>
    <![CDATA[inconsistance bug]]>
  </system-out>
  <testcase classname="testAnnotations.Flag3" name="login" time="0.001"/>
  <system-out>
    <![CDATA[inconsistance bug]]>
  </system-out>
  <testcase classname="testAnnotations.Flag3" name="login" time="0.001"/>
  <system-out>
    <![CDATA[inconsistance bug]]>
  </system-out>
  <testcase classname="testAnnotations.Flag3" name="login" time="0.000"/>
  <system-out>
    <![CDATA[inconsistance bug]]>
  </system-out>
  <testcase classname="testAnnotations.Flag3" name="login" time="0.000"/>
  <system-out>
    <![CDATA[inconsistance bug]]>
  </system-out>
  <testcase classname="testAnnotations.Flag3" name="login" time="0.000"/>
  <system-out>
    <![CDATA[inconsistance bug]]>
  </system-out>
  <testcase classname="testAnnotations.Flag3" name="login" time="0.000"/>
  <system-out>
    <![CDATA[inconsistance bug]]>
  </system-out>
  <testcase classname="testAnnotations.Flag3" name="login" time="0.000"/>
  <system-out>
    <![CDATA[inconsistance bug]]>
  </system-out>
  <testcase classname="testAnnotations.Flag3" name="login" time="0.000"/>
  <system-out>
    <![CDATA[inconsistance bug]]>
  </system-out>
  <testcase classname="testAnnotations.Flag3" name="login" time="0.000"/>
  <system-out>
    <![CDATA[inconsistance bug]]>
  </system-out>
  <testcase classname="testAnnotations.Flag3" name="login" time="0.000"/>
  <system-out>
    <![CDATA[inconsistance bug]]>
  </system-out>
  <testcase classname="testAnnotations.Flag3" name="login" time="0.001"/>
  <system-out>
    <![CDATA[inconsistance bug]]>
  </system-out>
  <testcase classname="testAnnotations.Flag3" name="login" time="0.000"/>
  <system-out>
    <![CDATA[inconsistance bug]]>
  </system-out>
  <testcase classname="testAnnotations.Flag3" name="login" time="0.000"/>
  <system-out>
    <![CDATA[inconsistance bug]]>
  </system-out>
  <testcase classname="testAnnotations.Flag3" name="login" time="0.000"/>
  <system-out>
    <![CDATA[inconsistance bug]]>
  </system-out>
  <testcase classname="testAnnotations.Flag3" name="login" time="0.000"/>
  <system-out>
    <![CDATA[inconsistance bug]]>
  </system-out>
  <testcase classname="testAnnotations.Flag3" name="login" time="0.000"/>
  <system-out>
    <![CDATA[inconsistance bug]]>
  </system-out>
  <testcase classname="testAnnotations.Flag3" name="login" time="0.000"/>
  <system-out>
    <![CDATA[inconsistance bug]]>
  </system-out>
  <testcase classname="testAnnotations.Flag3" name="login" time="0.000"/>
  <system-out>
    <![CDATA[inconsistance bug]]>
  </system-out>
  <testcase classname="testAnnotations.Flag3" name="login" time="0.001"/>
  <system-out>
    <![CDATA[inconsistance bug]]>
  </system-out>
  <testcase classname="testAnnotations.Flag3" name="login" time="0.000"/>
  <system-out>
    <![CDATA[inconsistance bug]]>
  </system-out>
  <testcase classname="testAnnotations.Flag3" name="login" time="0.000"/>
  <system-out>
    <![CDATA[inconsistance bug]]>
  </system-out>
  <testcase classname="testAnnotations.Flag3" name="login" time="0.000"/>
  <system-out>
    <![CDATA[inconsistance bug]]>
  </system-out>
  <testcase classname="testAnnotations.Flag3" name="login" time="0.000"/>
  <system-out>
    <![CDATA[inconsistance bug]]>
  </system-out>
  <testcase classname="testAnnotations.Flag3" name="login" time="0.000"/>
  <system-out>
    <![CDATA[inconsistance bug]]>
  </system-out>
  <testcase classname="testAnnotations.Flag3" name="login" time="0.000"/>
  <system-out>
    <![CDATA[inconsistance bug]]>
  </system-out>
  <testcase classname="testAnnotations.Flag3" name="login" time="0.000"/>
  <system-out>
    <![CDATA[inconsistance bug]]>
  </system-out>
  <testcase classname="testAnnotations.Flag3" name="login" time="0.000"/>
  <system-out>
    <![CDATA[inconsistance bug]]>
  </system-out>
  <testcase classname="testAnnotations.Flag3" name="login" time="0.000"/>
  <system-out>
    <![CDATA[inconsistance bug]]>
  </system-out>
  <testcase classname="testAnnotations.Flag3" name="login" time="0.000"/>
  <system-out>
    <![CDATA[inconsistance bug]]>
  </system-out>
  <testcase classname="testAnnotations.Flag3" name="login" time="0.000"/>
  <system-out>
    <![CDATA[inconsistance bug]]>
  </system-out>
  <testcase classname="testAnnotations.Flag3" name="login" time="0.000"/>
  <system-out>
    <![CDATA[inconsistance bug]]>
  </system-out>
  <testcase classname="testAnnotations.Flag3" name="login" time="0.001"/>
  <system-out>
    <![CDATA[inconsistance bug]]>
  </system-out>
  <testcase classname="testAnnotations.Flag3" name="login" time="0.000"/>
  <system-out>
    <![CDATA[inconsistance bug]]>
  </system-out>
  <testcase classname="testAnnotations.Flag3" name="login" time="0.001"/>
  <system-out>
    <![CDATA[inconsistance bug]]>
  </system-out>
  <testcase classname="testAnnotations.Flag3" name="login" time="0.000"/>
  <system-out>
    <![CDATA[inconsistance bug]]>
  </system-out>
  <testcase classname="testAnnotations.Flag3" name="login" time="0.001"/>
  <system-out>
    <![CDATA[inconsistance bug]]>
  </system-out>
  <testcase classname="testAnnotations.Flag3" name="login" time="0.000"/>
  <system-out>
    <![CDATA[inconsistance bug]]>
  </system-out>
  <testcase classname="testAnnotations.Flag3" name="login" time="0.000"/>
  <system-out>
    <![CDATA[inconsistance bug]]>
  </system-out>
  <testcase classname="testAnnotations.Flag3" name="login" time="0.000"/>
  <system-out>
    <![CDATA[inconsistance bug]]>
  </system-out>
  <testcase classname="testAnnotations.Flag3" name="login" time="0.000"/>
  <system-out>
    <![CDATA[inconsistance bug]]>
  </system-out>
  <testcase classname="testAnnotations.Flag3" name="login" time="0.000"/>
  <system-out>
    <![CDATA[inconsistance bug]]>
  </system-out>
  <testcase classname="testAnnotations.Flag3" name="login" time="0.000"/>
  <system-out>
    <![CDATA[inconsistance bug]]>
  </system-out>
  <testcase classname="testAnnotations.Flag3" name="login" time="0.000"/>
  <system-out>
    <![CDATA[inconsistance bug]]>
  </system-out>
  <testcase classname="testAnnotations.Flag3" name="login" time="0.000"/>
  <system-out>
    <![CDATA[inconsistance bug]]>
  </system-out>
  <testcase classname="testAnnotations.Flag3" name="login" time="0.000"/>
  <system-out>
    <![CDATA[inconsistance bug]]>
  </system-out>
  <testcase classname="testAnnotations.Flag3" name="login" time="0.000"/>
  <system-out>
    <![CDATA[inconsistance bug]]>
  </system-out>
  <testcase classname="testAnnotations.Flag3" name="login" time="0.000"/>
  <system-out>
    <![CDATA[inconsistance bug]]>
  </system-out>
  <testcase classname="testAnnotations.Flag3" name="login" time="0.000"/>
  <system-out>
    <![CDATA[inconsistance bug]]>
  </system-out>
  <testcase classname="testAnnotations.Flag3" name="login" time="0.001"/>
  <system-out>
    <![CDATA[inconsistance bug]]>
  </system-out>
  <testcase classname="testAnnotations.Flag3" name="login" time="0.000"/>
  <system-out>
    <![CDATA[inconsistance bug]]>
  </system-out>
  <testcase classname="testAnnotations.Flag3" name="login" time="0.001"/>
  <system-out>
    <![CDATA[inconsistance bug]]>
  </system-out>
  <testcase classname="testAnnotations.Flag3" name="login" time="0.000"/>
  <system-out>
    <![CDATA[inconsistance bug]]>
  </system-out>
  <testcase classname="testAnnotations.Flag3" name="login" time="0.000"/>
  <system-out>
    <![CDATA[inconsistance bug]]>
  </system-out>
  <testcase classname="testAnnotations.Flag3" name="login" time="0.000"/>
  <system-out>
    <![CDATA[inconsistance bug]]>
  </system-out>
  <testcase classname="testAnnotations.Flag3" name="login" time="0.000"/>
  <system-out>
    <![CDATA[inconsistance bug]]>
  </system-out>
  <testcase classname="testAnnotations.Flag3" name="login" time="0.000"/>
  <system-out>
    <![CDATA[inconsistance bug]]>
  </system-out>
  <testcase classname="testAnnotations.Flag3" name="login" time="0.000"/>
  <system-out>
    <![CDATA[inconsistance bug]]>
  </system-out>
  <testcase classname="testAnnotations.Flag3" name="login" time="0.000"/>
  <system-out>
    <![CDATA[inconsistance bug]]>
  </system-out>
  <testcase classname="testAnnotations.Flag3" name="login" time="0.000"/>
  <system-out>
    <![CDATA[inconsistance bug]]>
  </system-out>
  <testcase classname="testAnnotations.Flag3" name="login" time="0.001"/>
  <system-out>
    <![CDATA[inconsistance bug]]>
  </system-out>
  <testcase classname="testAnnotations.Flag3" name="login" time="0.001"/>
  <system-out>
    <![CDATA[inconsistance bug]]>
  </system-out>
  <testcase classname="testAnnotations.Flag3" name="login" time="0.001"/>
  <system-out>
    <![CDATA[inconsistance bug]]>
  </system-out>
  <testcase classname="testAnnotations.Flag3" name="login" time="0.001"/>
  <system-out>
    <![CDATA[inconsistance bug]]>
  </system-out>
  <testcase classname="testAnnotations.Flag3" name="login" time="0.001"/>
  <system-out>
    <![CDATA[inconsistance bug]]>
  </system-out>
  <testcase classname="testAnnotations.Flag3" name="login" time="0.000"/>
  <system-out>
    <![CDATA[inconsistance bug]]>
  </system-out>
  <testcase classname="testAnnotations.Flag3" name="login" time="0.001"/>
  <system-out>
    <![CDATA[inconsistance bug]]>
  </system-out>
  <testcase classname="testAnnotations.Flag3" name="login" time="0.000"/>
  <system-out>
    <![CDATA[inconsistance bug]]>
  </system-out>
  <testcase classname="testAnnotations.Flag3" name="login" time="0.000"/>
  <system-out>
    <![CDATA[inconsistance bug]]>
  </system-out>
  <testcase classname="testAnnotations.Flag3" name="login" time="0.001"/>
  <system-out>
    <![CDATA[inconsistance bug]]>
  </system-out>
  <testcase classname="testAnnotations.Flag3" name="login" time="0.000"/>
  <system-out>
    <![CDATA[inconsistance bug]]>
  </system-out>
  <testcase classname="testAnnotations.Flag3" name="login" time="0.001"/>
  <system-out>
    <![CDATA[inconsistance bug]]>
  </system-out>
  <testcase classname="testAnnotations.Flag3" name="login" time="0.000"/>
  <system-out>
    <![CDATA[inconsistance bug]]>
  </system-out>
  <testcase classname="testAnnotations.Flag3" name="login" time="0.000"/>
  <system-out>
    <![CDATA[inconsistance bug]]>
  </system-out>
  <testcase classname="testAnnotations.Flag3" name="login" time="0.001"/>
  <system-out>
    <![CDATA[inconsistance bug]]>
  </system-out>
  <testcase classname="testAnnotations.Flag3" name="login" time="0.001"/>
  <system-out>
    <![CDATA[inconsistance bug]]>
  </system-out>
  <testcase classname="testAnnotations.Flag3" name="login" time="0.000"/>
  <system-out>
    <![CDATA[inconsistance bug]]>
  </system-out>
  <testcase classname="testAnnotations.Flag3" name="login" time="0.000"/>
  <system-out>
    <![CDATA[inconsistance bug]]>
  </system-out>
  <testcase classname="testAnnotations.Flag3" name="login" time="0.001"/>
  <system-out>
    <![CDATA[inconsistance bug]]>
  </system-out>
  <testcase classname="testAnnotations.Flag3" name="login" time="0.000"/>
  <system-out>
    <![CDATA[inconsistance bug]]>
  </system-out>
  <testcase classname="testAnnotations.Flag3" name="login" time="0.000"/>
  <system-out>
    <![CDATA[inconsistance bug]]>
  </system-out>
  <testcase classname="testAnnotations.Flag3" name="login" time="0.000"/>
  <system-out>
    <![CDATA[inconsistance bug]]>
  </system-out>
  <testcase classname="testAnnotations.Flag3" name="login" time="0.000"/>
  <system-out>
    <![CDATA[inconsistance bug]]>
  </system-out>
  <testcase classname="testAnnotations.Flag3" name="login" time="0.000"/>
  <system-out>
    <![CDATA[inconsistance bug]]>
  </system-out>
  <testcase classname="testAnnotations.Flag3" name="login" time="0.000"/>
  <system-out>
    <![CDATA[inconsistance bug]]>
  </system-out>
  <testcase classname="testAnnotations.Flag3" name="login" time="0.001"/>
  <system-out>
    <![CDATA[inconsistance bug]]>
  </system-out>
  <testcase classname="testAnnotations.Flag3" name="login" time="0.001"/>
  <system-out>
    <![CDATA[inconsistance bug]]>
  </system-out>
  <testcase classname="testAnnotations.Flag3" name="login" time="0.000"/>
  <system-out>
    <![CDATA[inconsistance bug]]>
  </system-out>
  <testcase classname="testAnnotations.Flag3" name="login" time="0.000"/>
  <system-out>
    <![CDATA[inconsistance bug]]>
  </system-out>
  <testcase classname="testAnnotations.Flag3" name="login" time="0.001"/>
  <system-out>
    <![CDATA[inconsistance bug]]>
  </system-out>
  <testcase classname="testAnnotations.Flag3" name="login" time="0.000"/>
  <system-out>
    <![CDATA[inconsistance bug]]>
  </system-out>
  <testcase classname="testAnnotations.Flag3" name="login" time="0.001"/>
  <system-out>
    <![CDATA[inconsistance bug]]>
  </system-out>
  <testcase classname="testAnnotations.Flag3" name="login" time="0.001"/>
  <system-out>
    <![CDATA[inconsistance bug]]>
  </system-out>
  <testcase classname="testAnnotations.Flag3" name="login" time="0.000"/>
  <system-out>
    <![CDATA[inconsistance bug]]>
  </system-out>
  <testcase classname="testAnnotations.Flag3" name="login" time="0.000"/>
  <system-out>
    <![CDATA[inconsistance bug]]>
  </system-out>
  <testcase classname="testAnnotations.Flag3" name="login" time="0.000"/>
  <system-out>
    <![CDATA[inconsistance bug]]>
  </system-out>
  <testcase classname="testAnnotations.Flag3" name="login" time="0.000"/>
  <system-out>
    <![CDATA[inconsistance bug]]>
  </system-out>
  <testcase classname="testAnnotations.Flag3" name="login" time="0.001"/>
  <system-out>
    <![CDATA[inconsistance bug]]>
  </system-out>
  <testcase classname="testAnnotations.Flag3" name="login" time="0.000"/>
  <system-out>
    <![CDATA[inconsistance bug]]>
  </system-out>
  <testcase classname="testAnnotations.Flag3" name="login" time="0.000"/>
  <system-out>
    <![CDATA[inconsistance bug]]>
  </system-out>
  <testcase classname="testAnnotations.Flag3" name="login" time="0.000"/>
  <system-out>
    <![CDATA[inconsistance bug]]>
  </system-out>
  <testcase classname="testAnnotations.Flag3" name="login" time="0.001"/>
  <system-out>
    <![CDATA[inconsistance bug]]>
  </system-out>
  <testcase classname="testAnnotations.Flag3" name="login" time="0.001"/>
  <system-out>
    <![CDATA[inconsistance bug]]>
  </system-out>
  <testcase classname="testAnnotations.Flag3" name="login" time="0.000"/>
  <system-out>
    <![CDATA[inconsistance bug]]>
  </system-out>
  <testcase classname="testAnnotations.Flag3" name="login" time="0.000"/>
  <system-out>
    <![CDATA[inconsistance bug]]>
  </system-out>
  <testcase classname="testAnnotations.Flag3" name="login" time="0.001"/>
  <system-out>
    <![CDATA[inconsistance bug]]>
  </system-out>
  <testcase classname="testAnnotations.Flag3" name="login" time="0.000"/>
  <system-out>
    <![CDATA[inconsistance bug]]>
  </system-out>
  <testcase classname="testAnnotations.Flag3" name="login" time="0.000"/>
  <system-out>
    <![CDATA[inconsistance bug]]>
  </system-out>
  <testcase classname="testAnnotations.Flag3" name="login" time="0.000"/>
  <system-out>
    <![CDATA[inconsistance bug]]>
  </system-out>
  <testcase classname="testAnnotations.Flag3" name="login" time="0.000"/>
  <system-out>
    <![CDATA[inconsistance bug]]>
  </system-out>
  <testcase classname="testAnnotations.Flag3" name="login" time="0.001"/>
  <system-out>
    <![CDATA[inconsistance bug]]>
  </system-out>
  <testcase classname="testAnnotations.Flag3" name="login" time="0.000"/>
  <system-out>
    <![CDATA[inconsistance bug]]>
  </system-out>
  <testcase classname="testAnnotations.Flag3" name="login" time="0.000"/>
  <system-out>
    <![CDATA[inconsistance bug]]>
  </system-out>
  <testcase classname="testAnnotations.Flag3" name="login" time="0.001"/>
  <system-out>
    <![CDATA[inconsistance bug]]>
  </system-out>
  <testcase classname="testAnnotations.Flag3" name="login" time="0.001"/>
  <system-out>
    <![CDATA[inconsistance bug]]>
  </system-out>
  <testcase classname="testAnnotations.Flag3" name="login" time="0.000"/>
  <system-out>
    <![CDATA[inconsistance bug]]>
  </system-out>
  <testcase classname="testAnnotations.Flag3" name="login" time="0.000"/>
  <system-out>
    <![CDATA[inconsistance bug]]>
  </system-out>
  <testcase classname="testAnnotations.Flag3" name="login" time="0.001"/>
  <system-out>
    <![CDATA[inconsistance bug]]>
  </system-out>
  <testcase classname="testAnnotations.Flag3" name="login" time="0.000"/>
  <system-out>
    <![CDATA[inconsistance bug]]>
  </system-out>
  <testcase classname="testAnnotations.Flag3" name="login" time="0.001"/>
  <system-out>
    <![CDATA[inconsistance bug]]>
  </system-out>
  <testcase classname="testAnnotations.Flag3" name="login" time="0.002"/>
  <system-out>
    <![CDATA[inconsistance bug]]>
  </system-out>
  <testcase classname="testAnnotations.Flag3" name="login" time="0.000"/>
  <system-out>
    <![CDATA[inconsistance bug]]>
  </system-out>
  <testcase classname="testAnnotations.Flag3" name="login" time="0.001"/>
  <system-out>
    <![CDATA[inconsistance bug]]>
  </system-out>
  <testcase classname="testAnnotations.Flag3" name="login" time="0.001"/>
  <system-out>
    <![CDATA[inconsistance bug]]>
  </system-out>
  <testcase classname="testAnnotations.Flag3" name="login" time="0.001"/>
  <system-out>
    <![CDATA[inconsistance bug]]>
  </system-out>
  <testcase classname="testAnnotations.Flag3" name="login" time="0.000"/>
  <system-out>
    <![CDATA[inconsistance bug]]>
  </system-out>
  <testcase classname="testAnnotations.Flag3" name="login" time="0.000"/>
  <system-out>
    <![CDATA[inconsistance bug]]>
  </system-out>
  <testcase classname="testAnnotations.Flag3" name="login" time="0.000"/>
  <system-out>
    <![CDATA[inconsistance bug]]>
  </system-out>
  <testcase classname="testAnnotations.Flag3" name="login" time="0.000"/>
  <system-out>
    <![CDATA[inconsistance bug]]>
  </system-out>
  <testcase classname="testAnnotations.Flag3" name="login" time="0.000"/>
  <system-out>
    <![CDATA[inconsistance bug]]>
  </system-out>
  <testcase classname="testAnnotations.Flag3" name="login" time="0.000"/>
  <system-out>
    <![CDATA[inconsistance bug]]>
  </system-out>
  <testcase classname="testAnnotations.Flag3" name="login" time="0.001"/>
  <system-out>
    <![CDATA[inconsistance bug]]>
  </system-out>
  <testcase classname="testAnnotations.Flag3" name="login" time="0.001"/>
  <system-out>
    <![CDATA[inconsistance bug]]>
  </system-out>
  <testcase classname="testAnnotations.Flag3" name="login" time="0.000"/>
  <system-out>
    <![CDATA[inconsistance bug]]>
  </system-out>
  <testcase classname="testAnnotations.Flag3" name="login" time="0.000"/>
  <system-out>
    <![CDATA[inconsistance bug]]>
  </system-out>
  <testcase classname="testAnnotations.Flag3" name="login" time="0.000"/>
  <system-out>
    <![CDATA[inconsistance bug]]>
  </system-out>
  <testcase classname="testAnnotations.Flag3" name="login" time="0.000"/>
  <system-out>
    <![CDATA[inconsistance bug]]>
  </system-out>
  <testcase classname="testAnnotations.Flag3" name="login" time="0.000"/>
  <system-out>
    <![CDATA[inconsistance bug]]>
  </system-out>
  <testcase classname="testAnnotations.Flag3" name="login" time="0.000"/>
  <system-out>
    <![CDATA[inconsistance bug]]>
  </system-out>
  <testcase classname="testAnnotations.Flag3" name="login" time="0.000"/>
  <system-out>
    <![CDATA[inconsistance bug]]>
  </system-out>
  <testcase classname="testAnnotations.Flag3" name="login" time="0.000"/>
  <system-out>
    <![CDATA[inconsistance bug]]>
  </system-out>
  <testcase classname="testAnnotations.Flag3" name="login" time="0.000"/>
  <system-out>
    <![CDATA[inconsistance bug]]>
  </system-out>
  <testcase classname="testAnnotations.Flag3" name="login" time="0.001"/>
  <system-out>
    <![CDATA[inconsistance bug]]>
  </system-out>
  <testcase classname="testAnnotations.Flag3" name="login" time="0.000"/>
  <system-out>
    <![CDATA[inconsistance bug]]>
  </system-out>
  <testcase classname="testAnnotations.Flag3" name="login" time="0.000"/>
  <system-out>
    <![CDATA[inconsistance bug]]>
  </system-out>
  <testcase classname="testAnnotations.Flag3" name="login" time="0.001"/>
  <system-out>
    <![CDATA[inconsistance bug]]>
  </system-out>
  <testcase classname="testAnnotations.Flag3" name="login" time="0.000"/>
  <system-out>
    <![CDATA[inconsistance bug]]>
  </system-out>
  <testcase classname="testAnnotations.Flag3" name="login" time="0.000"/>
  <system-out>
    <![CDATA[inconsistance bug]]>
  </system-out>
  <testcase classname="testAnnotations.Flag3" name="login" time="0.000"/>
  <system-out>
    <![CDATA[inconsistance bug]]>
  </system-out>
  <testcase classname="testAnnotations.Flag3" name="login" time="0.001"/>
  <system-out>
    <![CDATA[inconsistance bug]]>
  </system-out>
  <testcase classname="testAnnotations.Flag3" name="login" time="0.000"/>
  <system-out>
    <![CDATA[inconsistance bug]]>
  </system-out>
  <testcase classname="testAnnotations.Flag3" name="login" time="0.000"/>
  <system-out>
    <![CDATA[inconsistance bug]]>
  </system-out>
  <testcase classname="testAnnotations.Flag3" name="login" time="0.000"/>
  <system-out>
    <![CDATA[inconsistance bug]]>
  </system-out>
  <testcase classname="testAnnotations.Flag3" name="login" time="0.000"/>
  <system-out>
    <![CDATA[inconsistance bug]]>
  </system-out>
  <testcase classname="testAnnotations.Flag3" name="login" time="0.001"/>
  <system-out>
    <![CDATA[inconsistance bug]]>
  </system-out>
  <testcase classname="testAnnotations.Flag3" name="login" time="0.000"/>
  <system-out>
[...]
  <system-out>
    <![CDATA[inconsistance bug]]>
  </system-out>
  <testcase classname="testAnnotations.Flag3" name="login" time="0.000"/>
  <system-out>
    <![CDATA[inconsistance bug]]>
  </system-out>
  <testcase classname="testAnnotations.Flag3" name="login" time="0.001"/>
  <system-out>
    <![CDATA[inconsistance bug]]>
  </system-out>
  <testcase classname="testAnnotations.Flag3" name="login" time="0.000"/>
  <system-out>
    <![CDATA[inconsistance bug]]>
  </system-out>
  <testcase classname="testAnnotations.Flag3" name="login" time="0.001"/>
  <system-out>
    <![CDATA[inconsistance bug]]>
  </system-out>
  <testcase classname="testAnnotations.Flag3" name="login" time="0.000"/>
  <system-out>
    <![CDATA[inconsistance bug]]>
  </system-out>
  <testcase classname="testAnnotations.Flag3" name="login" time="0.001"/>
  <system-out>
    <![CDATA[inconsistance bug]]>
  </system-out>
  <testcase classname="testAnnotations.Flag3" name="login" time="0.000"/>
  <system-out>
    <![CDATA[inconsistance bug]]>
  </system-out>
  <testcase classname="testAnnotations.Flag3" name="login" time="0.000"/>
  <system-out>
    <![CDATA[inconsistance bug]]>
  </system-out>
  <testcase classname="testAnnotations.Flag3" name="login" time="0.001"/>
  <system-out>
    <![CDATA[inconsistance bug]]>
  </system-out>
  <testcase classname="testAnnotations.Flag3" name="login" time="0.000"/>
  <system-out>
    <![CDATA[inconsistance bug]]>
  </system-out>
  <testcase classname="testAnnotations.Flag3" name="login" time="0.000"/>
  <system-out>
    <![CDATA[inconsistance bug]]>
  </system-out>
  <testcase classname="testAnnotations.Flag3" name="login" time="0.000"/>
  <system-out>
    <![CDATA[inconsistance bug]]>
  </system-out>
  <testcase classname="testAnnotations.Flag3" name="login" time="0.001"/>
  <system-out>
    <![CDATA[inconsistance bug]]>
  </system-out>
  <testcase classname="testAnnotations.Flag3" name="login" time="0.001"/>
  <system-out>
    <![CDATA[inconsistance bug]]>
  </system-out>
  <testcase classname="testAnnotations.Flag3" name="login" time="0.001"/>
  <system-out>
    <![CDATA[inconsistance bug]]>
  </system-out>
  <testcase classname="testAnnotations.Flag3" name="login" time="0.000"/>
  <system-out>
    <![CDATA[inconsistance bug]]>
  </system-out>
  <testcase classname="testAnnotations.Flag3" name="login" time="0.000"/>
  <system-out>
    <![CDATA[inconsistance bug]]>
  </system-out>
  <testcase classname="testAnnotations.Flag3" name="login" time="0.000"/>
  <system-out>
    <![CDATA[inconsistance bug]]>
  </system-out>
  <testcase classname="testAnnotations.Flag3" name="login" time="0.000"/>
  <system-out>
    <![CDATA[inconsistance bug]]>
  </system-out>
  <testcase classname="testAnnotations.Flag3" name="login" time="0.000"/>
  <system-out>
    <![CDATA[inconsistance bug]]>
  </system-out>
  <testcase classname="testAnnotations.Flag3" name="login" time="0.000"/>
  <system-out>
    <![CDATA[inconsistance bug]]>
  </system-out>
  <testcase classname="testAnnotations.Flag3" name="login" time="0.000"/>
  <system-out>
    <![CDATA[inconsistance bug]]>
  </system-out>
  <testcase classname="testAnnotations.Flag3" name="login" time="0.000"/>
  <system-out>
    <![CDATA[inconsistance bug]]>
  </system-out>
  <testcase classname="testAnnotations.Flag3" name="login" time="0.000"/>
  <system-out>
    <![CDATA[inconsistance bug]]>
  </system-out>
  <testcase classname="testAnnotations.Flag3" name="login" time="0.001"/>
  <system-out>
    <![CDATA[inconsistance bug]]>
  </system-out>
  <testcase classname="testAnnotations.Flag3" name="login" time="0.000"/>
  <system-out>
    <![CDATA[inconsistance bug]]>
  </system-out>
  <testcase classname="testAnnotations.Flag3" name="login" time="0.000"/>
  <system-out>
    <![CDATA[inconsistance bug]]>
  </system-out>
  <testcase classname="testAnnotations.Flag3" name="login" time="0.001"/>
  <system-out>
    <![CDATA[inconsistance bug]]>
  </system-out>
  <testcase classname="testAnnotations.Flag3" name="login" time="0.001"/>
  <system-out>
    <![CDATA[inconsistance bug]]>
  </system-out>
  <testcase classname="testAnnotations.Flag3" name="login" time="0.000"/>
  <system-out>
    <![CDATA[inconsistance bug]]>
  </system-out>
  <testcase classname="testAnnotations.Flag3" name="login" time="0.000"/>
  <system-out>
    <![CDATA[inconsistance bug]]>
  </system-out>
  <testcase classname="testAnnotations.Flag3" name="login" time="0.000"/>
  <system-out>
    <![CDATA[inconsistance bug]]>
  </system-out>
  <testcase classname="testAnnotations.Flag3" name="login" time="0.001"/>
  <system-out>
    <![CDATA[inconsistance bug]]>
  </system-out>
  <testcase classname="testAnnotations.Flag3" name="login" time="0.001"/>
  <system-out>
    <![CDATA[inconsistance bug]]>
  </system-out>
  <testcase classname="testAnnotations.Flag3" name="login" time="0.000"/>
  <system-out>
    <![CDATA[inconsistance bug]]>
  </system-out>
  <testcase classname="testAnnotations.Flag3" name="login" time="0.000"/>
  <system-out>
    <![CDATA[inconsistance bug]]>
  </system-out>
  <testcase classname="testAnnotations.Flag3" name="login" time="0.000"/>
  <system-out>
    <![CDATA[inconsistance bug]]>
  </system-out>
  <testcase classname="testAnnotations.Flag3" name="login" time="0.000"/>
  <system-out>
    <![CDATA[inconsistance bug]]>
  </system-out>
  <testcase classname="testAnnotations.Flag3" name="login" time="0.000"/>
  <system-out>
    <![CDATA[inconsistance bug]]>
  </system-out>
  <testcase classname="testAnnotations.Flag3" name="login" time="0.000"/>
  <system-out>
    <![CDATA[inconsistance bug]]>
  </system-out>
  <testcase classname="testAnnotations.Flag3" name="login" time="0.000"/>
  <system-out>
    <![CDATA[inconsistance bug]]>
  </system-out>
  <testcase classname="testAnnotations.Flag3" name="login" time="0.001"/>
  <system-out>
    <![CDATA[inconsistance bug]]>
  </system-out>
  <testcase classname="testAnnotations.Flag3" name="login" time="0.000"/>
  <system-out>
    <![CDATA[inconsistance bug]]>
  </system-out>
  <testcase classname="testAnnotations.Flag3" name="login" time="0.000"/>
  <system-out>
    <![CDATA[inconsistance bug]]>
  </system-out>
  <testcase classname="testAnnotations.Flag3" name="login" time="0.002"/>
  <system-out>
    <![CDATA[inconsistance bug]]>
  </system-out>
  <testcase classname="testAnnotations.Flag3" name="login" time="0.000"/>
  <system-out>
    <![CDATA[inconsistance bug]]>
  </system-out>
  <testcase classname="testAnnotations.Flag3" name="login" time="0.001"/>
  <system-out>
    <![CDATA[inconsistance bug]]>
  </system-out>
  <testcase classname="testAnnotations.Flag3" name="login" time="0.000"/>
  <system-out>
    <![CDATA[inconsistance bug]]>
  </system-out>
  <testcase classname="testAnnotations.Flag3" name="login" time="0.000"/>
  <system-out>
    <![CDATA[inconsistance bug]]>
  </system-out>
  <testcase classname="testAnnotations.Flag3" name="login" time="0.001"/>
  <system-out>
    <![CDATA[inconsistance bug]]>
  </system-out>
  <testcase classname="testAnnotations.Flag3" name="login" time="0.000"/>
  <system-out>
    <![CDATA[inconsistance bug]]>
  </system-out>
  <testcase classname="testAnnotations.Flag3" name="login" time="0.000"/>
  <system-out>
    <![CDATA[inconsistance bug]]>
  </system-out>
  <testcase classname="testAnnotations.Flag3" name="login" time="0.000"/>
  <system-out>
    <![CDATA[inconsistance bug]]>
  </system-out>
  <testcase classname="testAnnotations.Flag3" name="login" time="0.000"/>
  <system-out>
    <![CDATA[inconsistance bug]]>
  </system-out>
  <testcase classname="testAnnotations.Flag3" name="login" time="0.001"/>
  <system-out>
    <![CDATA[inconsistance bug]]>
  </system-out>
  <testcase classname="testAnnotations.Flag3" name="login" time="0.001"/>
  <system-out>
    <![CDATA[inconsistance bug]]>
  </system-out>
  <testcase classname="testAnnotations.Flag3" name="login" time="0.001"/>
  <system-out>
    <![CDATA[inconsistance bug]]>
  </system-out>
  <testcase classname="testAnnotations.Flag3" name="login" time="0.000"/>
  <system-out>
    <![CDATA[inconsistance bug]]>
  </system-out>
  <testcase classname="testAnnotations.Flag3" name="login" time="0.000"/>
  <system-out>
    <![CDATA[inconsistance bug]]>
  </system-out>
  <testcase classname="testAnnotations.Flag3" name="login" time="0.000"/>
  <system-out>
    <![CDATA[inconsistance bug]]>
  </system-out>
  <testcase classname="testAnnotations.Flag3" name="login" time="0.000"/>
  <system-out>
    <![CDATA[inconsistance bug]]>
  </system-out>
  <testcase classname="testAnnotations.Flag3" name="login" time="0.001"/>
  <system-out>
    <![CDATA[inconsistance bug]]>
  </system-out>
  <testcase classname="testAnnotations.Flag3" name="login" time="0.001"/>
  <system-out>
    <![CDATA[inconsistance bug]]>
  </system-out>
  <testcase classname="testAnnotations.Flag3" name="login" time="0.000"/>
  <system-out>
    <![CDATA[inconsistance bug]]>
  </system-out>
  <testcase classname="testAnnotations.Flag3" name="login" time="0.000"/>
  <system-out>
    <![CDATA[inconsistance bug]]>
  </system-out>
  <testcase classname="testAnnotations.Flag3" name="login" time="0.000"/>
  <system-out>
    <![CDATA[inconsistance bug]]>
  </system-out>
  <testcase classname="testAnnotations.Flag3" name="login" time="0.000"/>
  <system-out>
    <![CDATA[inconsistance bug]]>
  </system-out>
  <testcase classname="testAnnotations.Flag3" name="login" time="0.000"/>
  <system-out>
    <![CDATA[inconsistance bug]]>
  </system-out>
  <testcase classname="testAnnotations.Flag3" name="login" time="0.000"/>
  <system-out>
    <![CDATA[inconsistance bug]]>
  </system-out>
  <testcase classname="testAnnotations.Flag3" name="login" time="0.001"/>
  <system-out>
    <![CDATA[inconsistance bug]]>
  </system-out>
  <testcase classname="testAnnotations.Flag3" name="login" time="0.000"/>
  <system-out>
    <![CDATA[inconsistance bug]]>
  </system-out>
  <testcase classname="testAnnotations.Flag3" name="login" time="0.001"/>
  <system-out>
    <![CDATA[inconsistance bug]]>
  </system-out>
  <testcase classname="testAnnotations.Flag3" name="login" time="0.000"/>
  <system-out>
    <![CDATA[inconsistance bug]]>
  </system-out>
  <testcase classname="testAnnotations.Flag3" name="login" time="0.000"/>
  <system-out>
    <![CDATA[inconsistance bug]]>
  </system-out>
  <testcase classname="testAnnotations.Flag3" name="login" time="0.001"/>
  <system-out>
    <![CDATA[inconsistance bug]]>
  </system-out>
  <testcase classname="testAnnotations.Flag3" name="login" time="0.001"/>
  <system-out>
    <![CDATA[inconsistance bug]]>
  </system-out>
  <testcase classname="testAnnotations.Flag3" name="login" time="0.000"/>
  <system-out>
    <![CDATA[inconsistance bug]]>
  </system-out>
  <testcase classname="testAnnotations.Flag3" name="login" time="0.000"/>
  <system-out>
    <![CDATA[inconsistance bug]]>
  </system-out>
  <testcase classname="testAnnotations.Flag3" name="login" time="0.001"/>
  <system-out>
    <![CDATA[inconsistance bug]]>
  </system-out>
  <testcase classname="testAnnotations.Flag3" name="login" time="0.000"/>
  <system-out>
    <![CDATA[inconsistance bug]]>
  </system-out>
  <testcase classname="testAnnotations.Flag3" name="login" time="0.000"/>
  <system-out>
    <![CDATA[inconsistance bug]]>
  </system-out>
  <testcase classname="testAnnotations.Flag3" name="login" time="0.000"/>
  <system-out>
    <![CDATA[inconsistance bug]]>
  </system-out>
  <testcase classname="testAnnotations.Flag3" name="login" time="0.001"/>
  <system-out>
    <![CDATA[inconsistance bug]]>
  </system-out>
  <testcase classname="testAnnotations.Flag3" name="login" time="0.001"/>
  <system-out>
    <![CDATA[inconsistance bug]]>
  </system-out>
  <testcase classname="testAnnotations.Flag3" name="login" time="0.000"/>
  <system-out>
    <![CDATA[inconsistance bug]]>
  </system-out>
  <testcase classname="testAnnotations.Flag3" name="login" time="0.000"/>
  <system-out>
    <![CDATA[inconsistance bug]]>
  </system-out>
  <testcase classname="testAnnotations.Flag3" name="login" time="0.000"/>
  <system-out>
    <![CDATA[inconsistance bug]]>
  </system-out>
  <testcase classname="testAnnotations.Flag3" name="login" time="0.001"/>
  <system-out>
    <![CDATA[inconsistance bug]]>
  </system-out>
  <testcase classname="testAnnotations.Flag3" name="login" time="0.000"/>
  <system-out>
    <![CDATA[inconsistance bug]]>
  </system-out>
  <testcase classname="testAnnotations.Flag3" name="login" time="0.001"/>
  <system-out>
    <![CDATA[inconsistance bug]]>
  </system-out>
  <testcase classname="testAnnotations.Flag3" name="login" time="0.002"/>
  <system-out>
    <![CDATA[inconsistance bug]]>
  </system-out>
  <testcase classname="testAnnotations.Flag3" name="login" time="0.001"/>
  <system-out>
    <![CDATA[inconsistance bug]]>
  </system-out>
  <testcase classname="testAnnotations.Flag3" name="login" time="0.000"/>
  <system-out>
    <![CDATA[inconsistance bug]]>
  </system-out>
  <testcase classname="testAnnotations.Flag3" name="login" time="0.001"/>
  <system-out>
    <![CDATA[inconsistance bug]]>
  </system-out>
  <testcase classname="testAnnotations.Flag3" name="login" time="0.000"/>
  <system-out>
    <![CDATA[inconsistance bug]]>
  </system-out>
  <testcase classname="testAnnotations.Flag3" name="login" time="0.000"/>
  <system-out>
    <![CDATA[inconsistance bug]]>
  </system-out>
  <testcase classname="testAnnotations.Flag3" name="login" time="0.000"/>
  <system-out>
    <![CDATA[inconsistance bug]]>
  </system-out>
  <testcase classname="testAnnotations.Flag3" name="login" time="0.000"/>
  <system-out>
    <![CDATA[inconsistance bug]]>
  </system-out>
  <testcase classname="testAnnotations.Flag3" name="login" time="0.000"/>
  <system-out>
    <![CDATA[inconsistance bug]]>
  </system-out>
  <testcase classname="testAnnotations.Flag3" name="login" time="0.000"/>
  <system-out>
    <![CDATA[inconsistance bug]]>
  </system-out>
  <testcase classname="testAnnotations.Flag3" name="login" time="0.000"/>
  <system-out>
    <![CDATA[inconsistance bug]]>
  </system-out>
  <testcase classname="testAnnotations.Flag3" name="login" time="0.000"/>
  <system-out>
    <![CDATA[inconsistance bug]]>
  </system-out>
  <testcase classname="testAnnotations.Flag3" name="login" time="0.000"/>
  <system-out>
    <![CDATA[inconsistance bug]]>
  </system-out>
  <testcase classname="testAnnotations.Flag3" name="login" time="0.000"/>
  <system-out>
    <![CDATA[inconsistance bug]]>
  </system-out>
  <testcase classname="testAnnotations.Flag3" name="login" time="0.000"/>
  <system-out>
    <![CDATA[inconsistance bug]]>
  </system-out>
  <testcase classname="testAnnotations.Flag3" name="login" time="0.000"/>
  <system-out>
    <![CDATA[inconsistance bug]]>
  </system-out>
  <testcase classname="testAnnotations.Flag3" name="login" time="0.000"/>
  <system-out>
    <![CDATA[inconsistance bug]]>
  </system-out>
  <testcase classname="testAnnotations.Flag3" name="login" time="0.000"/>
  <system-out>
    <![CDATA[inconsistance bug]]>
  </system-out>
  <testcase classname="testAnnotations.Flag3" name="login" time="0.001"/>
  <system-out>
    <![CDATA[inconsistance bug]]>
  </system-out>
  <testcase classname="testAnnotations.Flag3" name="login" time="0.000"/>
  <system-out>
    <![CDATA[inconsistance bug]]>
  </system-out>
  <testcase classname="testAnnotations.Flag3" name="login" time="0.000"/>
  <system-out>
    <![CDATA[inconsistance bug]]>
  </system-out>
  <testcase classname="testAnnotations.Flag3" name="login" time="0.000"/>
  <system-out>
    <![CDATA[inconsistance bug]]>
  </system-out>
  <testcase classname="testAnnotations.Flag3" name="login" time="0.000"/>
  <system-out>
    <![CDATA[inconsistance bug]]>
  </system-out>
  <testcase classname="testAnnotations.Flag3" name="login" time="0.000"/>
  <system-out>
    <![CDATA[inconsistance bug]]>
  </system-out>
  <testcase classname="testAnnotations.Flag3" name="login" time="0.000"/>
  <system-out>
    <![CDATA[inconsistance bug]]>
  </system-out>
  <testcase classname="testAnnotations.Flag3" name="login" time="0.001"/>
  <system-out>
    <![CDATA[inconsistance bug]]>
  </system-out>
  <testcase classname="testAnnotations.Flag3" name="login" time="0.000"/>
  <system-out>
    <![CDATA[inconsistance bug]]>
  </system-out>
  <testcase classname="testAnnotations.Flag3" name="login" time="0.000"/>
  <system-out>
    <![CDATA[inconsistance bug]]>
  </system-out>
  <testcase classname="testAnnotations.Flag3" name="login" time="0.000"/>
  <system-out>
    <![CDATA[inconsistance bug]]>
  </system-out>
  <testcase classname="testAnnotations.Flag3" name="login" time="0.000"/>
  <system-out>
    <![CDATA[inconsistance bug]]>
  </system-out>
  <testcase classname="testAnnotations.Flag3" name="login" time="0.000"/>
  <system-out>
    <![CDATA[inconsistance bug]]>
  </system-out>
  <testcase classname="testAnnotations.Flag3" name="login" time="0.001"/>
  <system-out>
    <![CDATA[inconsistance bug]]>
  </system-out>
  <testcase classname="testAnnotations.Flag3" name="login" time="0.000"/>
  <system-out>
    <![CDATA[inconsistance bug]]>
  </system-out>
  <testcase classname="testAnnotations.Flag3" name="login" time="0.000"/>
  <system-out>
    <![CDATA[inconsistance bug]]>
  </system-out>
  <testcase classname="testAnnotations.Flag3" name="login" time="0.000"/>
  <system-out>
    <![CDATA[inconsistance bug]]>
  </system-out>
  <testcase classname="testAnnotations.Flag3" name="login" time="0.000"/>
  <system-out>
    <![CDATA[inconsistance bug]]>
  </system-out>
  <testcase classname="testAnnotations.Flag3" name="login" time="0.001"/>
  <system-out>
    <![CDATA[inconsistance bug]]>
  </system-out>
  <testcase classname="testAnnotations.Flag3" name="login" time="0.000"/>
  <system-out>
    <![CDATA[inconsistance bug]]>
  </system-out>
  <testcase classname="testAnnotations.Flag3" name="login" time="0.000"/>
  <system-out>
    <![CDATA[inconsistance bug]]>
  </system-out>
  <testcase classname="testAnnotations.Flag3" name="login" time="0.000"/>
  <system-out>
    <![CDATA[inconsistance bug]]>
  </system-out>
  <testcase classname="testAnnotations.Flag3" name="login" time="0.000"/>
  <system-out>
    <![CDATA[inconsistance bug]]>
  </system-out>
  <testcase classname="testAnnotations.Flag3" name="login" time="0.000"/>
  <system-out>
    <![CDATA[inconsistance bug]]>
  </system-out>
  <testcase classname="testAnnotations.Flag3" name="login" time="0.000"/>
  <system-out>
    <![CDATA[inconsistance bug]]>
  </system-out>
  <testcase classname="testAnnotations.Flag3" name="login" time="0.001"/>
  <system-out>
    <![CDATA[inconsistance bug]]>
  </system-out>
  <testcase classname="testAnnotations.Flag3" name="login" time="0.000"/>
  <system-out>
    <![CDATA[inconsistance bug]]>
  </system-out>
  <testcase classname="testAnnotations.Flag3" name="login" time="0.000"/>
  <system-out>
    <![CDATA[inconsistance bug]]>
  </system-out>
  <testcase classname="testAnnotations.Flag3" name="login" time="0.000"/>
  <system-out>
    <![CDATA[inconsistance bug]]>
  </system-out>
  <testcase classname="testAnnotations.Flag3" name="login" time="0.000"/>
  <system-out>
    <![CDATA[inconsistance bug]]>
  </system-out>
  <testcase classname="testAnnotations.Flag3" name="login" time="0.001"/>
  <system-out>
    <![CDATA[inconsistance bug]]>
  </system-out>
  <testcase classname="testAnnotations.Flag3" name="login" time="0.000"/>
  <system-out>
    <![CDATA[inconsistance bug]]>
  </system-out>
  <testcase classname="testAnnotations.Flag3" name="login" time="0.000"/>
  <system-out>
    <![CDATA[inconsistance bug]]>
  </system-out>
  <testcase classname="testAnnotations.Flag3" name="login" time="0.000"/>
  <system-out>
    <![CDATA[inconsistance bug]]>
  </system-out>
  <testcase classname="testAnnotations.Flag3" name="login" time="0.001"/>
  <system-out>
    <![CDATA[inconsistance bug]]>
  </system-out>
</testsuite> <!-- testAnnotations.Flag3 -->
